{"D:\\Developer\\NodeJS\\property-market\\env.ts":{"path":"D:\\Developer\\NodeJS\\property-market\\env.ts","statementMap":{"0":{"start":{"line":2,"column":22},"end":{"line":4,"column":1}},"1":{"start":{"line":3,"column":4},"end":{"line":3,"column":62}},"2":{"start":{"line":5,"column":0},"end":{"line":5,"column":62}},"3":{"start":{"line":6,"column":14},"end":{"line":6,"column":79}},"4":{"start":{"line":7,"column":0},"end":{"line":14,"column":3}}},"fnMap":{"0":{"name":"(anonymous_0)","decl":{"start":{"line":2,"column":56},"end":{"line":2,"column":57}},"loc":{"start":{"line":2,"column":71},"end":{"line":4,"column":1}},"line":2}},"branchMap":{"0":{"loc":{"start":{"line":2,"column":22},"end":{"line":4,"column":1}},"type":"binary-expr","locations":[{"start":{"line":2,"column":23},"end":{"line":2,"column":27}},{"start":{"line":2,"column":31},"end":{"line":2,"column":51}},{"start":{"line":2,"column":56},"end":{"line":4,"column":1}}],"line":2},"1":{"loc":{"start":{"line":3,"column":11},"end":{"line":3,"column":61}},"type":"cond-expr","locations":[{"start":{"line":3,"column":37},"end":{"line":3,"column":40}},{"start":{"line":3,"column":43},"end":{"line":3,"column":61}}],"line":3},"2":{"loc":{"start":{"line":3,"column":12},"end":{"line":3,"column":33}},"type":"binary-expr","locations":[{"start":{"line":3,"column":12},"end":{"line":3,"column":15}},{"start":{"line":3,"column":19},"end":{"line":3,"column":33}}],"line":3}},"s":{"0":1,"1":1,"2":1,"3":1,"4":1},"f":{"0":1},"b":{"0":[1,1,1],"1":[0,1],"2":[1,1]},"inputSourceMap":{"version":3,"file":"env.js","sourceRoot":"","sources":["env.ts"],"names":[],"mappings":";;;;;AAcA,gFAAsC;AAEtC,kBAAe,aAAG,CAAC,KAAK,CAAC;IACvB,IAAI,EAAE,aAAG,CAAC,MAAM,CAAC,MAAM,CAAC,EAAE,MAAM,EAAE,MAAM,EAAE,CAAC;IAC3C,IAAI,EAAE,aAAG,CAAC,MAAM,CAAC,MAAM,EAAE;IACzB,OAAO,EAAE,aAAG,CAAC,MAAM,CAAC,MAAM,EAAE;IAC5B,QAAQ,EAAE,aAAG,CAAC,MAAM,CAAC,MAAM,EAAE;IAC7B,UAAU,EAAE,aAAG,CAAC,MAAM,CAAC,IAAI,CAAC,CAAC,OAAO,CAAU,CAAC;IAC/C,QAAQ,EAAE,aAAG,CAAC,MAAM,CAAC,IAAI,CAAC,CAAC,aAAa,EAAE,YAAY,EAAE,MAAM,CAAU,CAAC;CAC1E,CAAC,CAAA","sourcesContent":["/*\n|--------------------------------------------------------------------------\n| Validating Environment Variables\n|--------------------------------------------------------------------------\n|\n| In this file we define the rules for validating environment variables.\n| By performing validation we ensure that your application is running in\n| a stable environment with correct configuration values.\n|\n| This file is read automatically by the framework during the boot lifecycle\n| and hence do not rename or move this file to a different location.\n|\n*/\n\nimport Env from '@ioc:Adonis/Core/Env'\n\nexport default Env.rules({\n  HOST: Env.schema.string({ format: 'host' }),\n  PORT: Env.schema.number(),\n  APP_KEY: Env.schema.string(),\n  APP_NAME: Env.schema.string(),\n  DRIVE_DISK: Env.schema.enum(['local'] as const),\n  NODE_ENV: Env.schema.enum(['development', 'production', 'test'] as const),\n})\n"]},"_coverageSchema":"1a1c01bbd47fc00a2c39e90264f33305004495a9","hash":"52581328132b4bb0e6d861acca11d0229bd398ce","contentHash":"1b2b5ab96edeaa50e4c29fb807fcce167cf23ab00301a8557dfe789135dcc39c"},"D:\\Developer\\NodeJS\\property-market\\config\\app.ts":{"path":"D:\\Developer\\NodeJS\\property-market\\config\\app.ts","statementMap":{"0":{"start":{"line":2,"column":22},"end":{"line":4,"column":1}},"1":{"start":{"line":3,"column":4},"end":{"line":3,"column":62}},"2":{"start":{"line":5,"column":0},"end":{"line":5,"column":62}},"3":{"start":{"line":6,"column":0},"end":{"line":6,"column":95}},"4":{"start":{"line":7,"column":21},"end":{"line":7,"column":59}},"5":{"start":{"line":8,"column":14},"end":{"line":8,"column":79}},"6":{"start":{"line":9,"column":0},"end":{"line":9,"column":46}},"7":{"start":{"line":10,"column":0},"end":{"line":26,"column":2}},"8":{"start":{"line":27,"column":0},"end":{"line":32,"column":2}},"9":{"start":{"line":33,"column":0},"end":{"line":37,"column":2}},"10":{"start":{"line":38,"column":0},"end":{"line":38,"column":23}}},"fnMap":{"0":{"name":"(anonymous_0)","decl":{"start":{"line":2,"column":56},"end":{"line":2,"column":57}},"loc":{"start":{"line":2,"column":71},"end":{"line":4,"column":1}},"line":2}},"branchMap":{"0":{"loc":{"start":{"line":2,"column":22},"end":{"line":4,"column":1}},"type":"binary-expr","locations":[{"start":{"line":2,"column":23},"end":{"line":2,"column":27}},{"start":{"line":2,"column":31},"end":{"line":2,"column":51}},{"start":{"line":2,"column":56},"end":{"line":4,"column":1}}],"line":2},"1":{"loc":{"start":{"line":3,"column":11},"end":{"line":3,"column":61}},"type":"cond-expr","locations":[{"start":{"line":3,"column":37},"end":{"line":3,"column":40}},{"start":{"line":3,"column":43},"end":{"line":3,"column":61}}],"line":3},"2":{"loc":{"start":{"line":3,"column":12},"end":{"line":3,"column":33}},"type":"binary-expr","locations":[{"start":{"line":3,"column":12},"end":{"line":3,"column":15}},{"start":{"line":3,"column":19},"end":{"line":3,"column":33}}],"line":3}},"s":{"0":1,"1":2,"2":1,"3":1,"4":1,"5":1,"6":1,"7":1,"8":1,"9":1,"10":1},"f":{"0":2},"b":{"0":[1,1,1],"1":[0,2],"2":[2,2]},"inputSourceMap":{"version":3,"file":"app.js","sourceRoot":"","sources":["app.ts"],"names":[],"mappings":";;;;;;AAOA,4DAAkC;AAClC,gFAAsC;AAmBzB,QAAA,MAAM,GAAW,aAAG,CAAC,GAAG,CAAC,SAAS,CAAC,CAAA;AAWnC,QAAA,IAAI,GAAiB;IAYhC,mBAAmB,EAAE,KAAK;IAO1B,eAAe,EAAE,CAAC;IAWlB,iBAAiB,EAAE,KAAK;IAWxB,UAAU,EAAE,oBAAS,CAAC,OAAO,CAAC,UAAU,CAAC;IAUzC,IAAI,EAAE,KAAK;IAOX,iBAAiB,EAAE,UAAU;IAO7B,MAAM,EAAE;QACN,MAAM,EAAE,EAAE;QACV,IAAI,EAAE,GAAG;QACT,MAAM,EAAE,IAAI;QACZ,QAAQ,EAAE,IAAI;QACd,MAAM,EAAE,KAAK;QACb,QAAQ,EAAE,KAAK;KAChB;IAkBD,yBAAyB,EAAE,kBAAkB;CAC9C,CAAA;AAOY,QAAA,MAAM,GAAiB;IAalC,IAAI,EAAE,aAAG,CAAC,GAAG,CAAC,UAAU,CAAC;IAUzB,OAAO,EAAE,IAAI;IAYb,KAAK,EAAE,aAAG,CAAC,GAAG,CAAC,WAAW,EAAE,MAAM,CAAC;IAWnC,WAAW,EAAE,aAAG,CAAC,GAAG,CAAC,UAAU,CAAC,KAAK,aAAa;CACnD,CAAA;AAOY,QAAA,QAAQ,GAAmB;IAStC,OAAO,EAAE,IAAI;IAWb,SAAS,EAAE,EAAE;IAWb,SAAS,EAAE,EAAE;CACd,CAAA;AAWY,QAAA,SAAS,GAAoB,EAAE,CAAA","sourcesContent":["/**\n * Config source: https://git.io/JfefZ\n *\n * Feel free to let us know via PR, if you find something broken in this config\n * file.\n */\n\nimport proxyAddr from 'proxy-addr'\nimport Env from '@ioc:Adonis/Core/Env'\nimport type { ServerConfig } from '@ioc:Adonis/Core/Server'\nimport type { LoggerConfig } from '@ioc:Adonis/Core/Logger'\nimport type { ProfilerConfig } from '@ioc:Adonis/Core/Profiler'\nimport type { ValidatorConfig } from '@ioc:Adonis/Core/Validator'\n\n/*\n|--------------------------------------------------------------------------\n| Application secret key\n|--------------------------------------------------------------------------\n|\n| The secret to encrypt and sign different values in your application.\n| Make sure to keep the `APP_KEY` as an environment variable and secure.\n|\n| Note: Changing the application key for an existing app will make all\n| the cookies invalid and also the existing encrypted data will not\n| be decrypted.\n|\n*/\nexport const appKey: string = Env.get('APP_KEY')\n\n/*\n|--------------------------------------------------------------------------\n| Http server configuration\n|--------------------------------------------------------------------------\n|\n| The configuration for the HTTP(s) server. Make sure to go through all\n| the config properties to make keep server secure.\n|\n*/\nexport const http: ServerConfig = {\n  /*\n  |--------------------------------------------------------------------------\n  | Allow method spoofing\n  |--------------------------------------------------------------------------\n  |\n  | Method spoofing enables defining custom HTTP methods using a query string\n  | `_method`. This is usually required when you are making traditional\n  | form requests and wants to use HTTP verbs like `PUT`, `DELETE` and\n  | so on.\n  |\n  */\n  allowMethodSpoofing: false,\n\n  /*\n  |--------------------------------------------------------------------------\n  | Subdomain offset\n  |--------------------------------------------------------------------------\n  */\n  subdomainOffset: 2,\n\n  /*\n  |--------------------------------------------------------------------------\n  | Request Ids\n  |--------------------------------------------------------------------------\n  |\n  | Setting this value to `true` will generate a unique request id for each\n  | HTTP request and set it as `x-request-id` header.\n  |\n  */\n  generateRequestId: false,\n\n  /*\n  |--------------------------------------------------------------------------\n  | Trusting proxy servers\n  |--------------------------------------------------------------------------\n  |\n  | Define the proxy servers that AdonisJs must trust for reading `X-Forwarded`\n  | headers.\n  |\n  */\n  trustProxy: proxyAddr.compile('loopback'),\n\n  /*\n  |--------------------------------------------------------------------------\n  | Generating Etag\n  |--------------------------------------------------------------------------\n  |\n  | Whether or not to generate an etag for every response.\n  |\n  */\n  etag: false,\n\n  /*\n  |--------------------------------------------------------------------------\n  | JSONP Callback\n  |--------------------------------------------------------------------------\n  */\n  jsonpCallbackName: 'callback',\n\n  /*\n  |--------------------------------------------------------------------------\n  | Cookie settings\n  |--------------------------------------------------------------------------\n  */\n  cookie: {\n    domain: '',\n    path: '/',\n    maxAge: '2h',\n    httpOnly: true,\n    secure: false,\n    sameSite: false,\n  },\n\n  /*\n  |--------------------------------------------------------------------------\n  | Force Content Negotiation\n  |--------------------------------------------------------------------------\n  |\n  | The internals of the framework relies on the content negotiation to\n  | detect the best possible response type for a given HTTP request.\n  |\n  | However, it is a very common these days that API servers always wants to\n  | make response in JSON regardless of the existence of the `Accept` header.\n  |\n  | By setting `forceContentNegotiationTo = 'application/json'`, you negotiate\n  | with the server in advance to always return JSON without relying on the\n  | client to set the header explicitly.\n  |\n  */\n  forceContentNegotiationTo: 'application/json',\n}\n\n/*\n|--------------------------------------------------------------------------\n| Logger\n|--------------------------------------------------------------------------\n*/\nexport const logger: LoggerConfig = {\n  /*\n  |--------------------------------------------------------------------------\n  | Application name\n  |--------------------------------------------------------------------------\n  |\n  | The name of the application you want to add to the log. It is recommended\n  | to always have app name in every log line.\n  |\n  | The `APP_NAME` environment variable is automatically set by AdonisJS by\n  | reading the `name` property from the `package.json` file.\n  |\n  */\n  name: Env.get('APP_NAME'),\n\n  /*\n  |--------------------------------------------------------------------------\n  | Toggle logger\n  |--------------------------------------------------------------------------\n  |\n  | Enable or disable logger application wide\n  |\n  */\n  enabled: true,\n\n  /*\n  |--------------------------------------------------------------------------\n  | Logging level\n  |--------------------------------------------------------------------------\n  |\n  | The level from which you want the logger to flush logs. It is recommended\n  | to make use of the environment variable, so that you can define log levels\n  | at deployment level and not code level.\n  |\n  */\n  level: Env.get('LOG_LEVEL', 'info'),\n\n  /*\n  |--------------------------------------------------------------------------\n  | Pretty print\n  |--------------------------------------------------------------------------\n  |\n  | It is highly advised NOT to use `prettyPrint` in production, since it\n  | can have huge impact on performance.\n  |\n  */\n  prettyPrint: Env.get('NODE_ENV') === 'development',\n}\n\n/*\n|--------------------------------------------------------------------------\n| Profiler\n|--------------------------------------------------------------------------\n*/\nexport const profiler: ProfilerConfig = {\n  /*\n  |--------------------------------------------------------------------------\n  | Toggle profiler\n  |--------------------------------------------------------------------------\n  |\n  | Enable or disable profiler\n  |\n  */\n  enabled: true,\n\n  /*\n  |--------------------------------------------------------------------------\n  | Blacklist actions/row labels\n  |--------------------------------------------------------------------------\n  |\n  | Define an array of actions or row labels that you want to disable from\n  | getting profiled.\n  |\n  */\n  blacklist: [],\n\n  /*\n  |--------------------------------------------------------------------------\n  | Whitelist actions/row labels\n  |--------------------------------------------------------------------------\n  |\n  | Define an array of actions or row labels that you want to whitelist for\n  | the profiler. When whitelist is defined, then `blacklist` is ignored.\n  |\n  */\n  whitelist: [],\n}\n\n/*\n|--------------------------------------------------------------------------\n| Validator\n|--------------------------------------------------------------------------\n|\n| Configure the global configuration for the validator. Here's the reference\n| to the default config https://git.io/JT0WE\n|\n*/\nexport const validator: ValidatorConfig = {}\n"]},"_coverageSchema":"1a1c01bbd47fc00a2c39e90264f33305004495a9","hash":"912612c15fdbe33c0a285cb527a4c48e7b5ca85c","contentHash":"b9b9d62964f3d2af9782bd7b07a4487a4eb63980406ae5c10442b37e33c859d0"},"D:\\Developer\\NodeJS\\property-market\\config\\auth.ts":{"path":"D:\\Developer\\NodeJS\\property-market\\config\\auth.ts","statementMap":{"0":{"start":{"line":2,"column":22},"end":{"line":12,"column":3}},"1":{"start":{"line":3,"column":4},"end":{"line":3,"column":33}},"2":{"start":{"line":3,"column":26},"end":{"line":3,"column":33}},"3":{"start":{"line":4,"column":15},"end":{"line":4,"column":52}},"4":{"start":{"line":5,"column":4},"end":{"line":7,"column":5}},"5":{"start":{"line":6,"column":6},"end":{"line":6,"column":68}},"6":{"start":{"line":6,"column":51},"end":{"line":6,"column":63}},"7":{"start":{"line":8,"column":4},"end":{"line":8,"column":39}},"8":{"start":{"line":10,"column":4},"end":{"line":10,"column":33}},"9":{"start":{"line":10,"column":26},"end":{"line":10,"column":33}},"10":{"start":{"line":11,"column":4},"end":{"line":11,"column":17}},"11":{"start":{"line":13,"column":25},"end":{"line":17,"column":2}},"12":{"start":{"line":14,"column":4},"end":{"line":14,"column":72}},"13":{"start":{"line":16,"column":4},"end":{"line":16,"column":21}},"14":{"start":{"line":18,"column":19},"end":{"line":24,"column":1}},"15":{"start":{"line":19,"column":4},"end":{"line":19,"column":42}},"16":{"start":{"line":19,"column":31},"end":{"line":19,"column":42}},"17":{"start":{"line":20,"column":17},"end":{"line":20,"column":19}},"18":{"start":{"line":21,"column":4},"end":{"line":21,"column":141}},"19":{"start":{"line":21,"column":21},"end":{"line":21,"column":141}},"20":{"start":{"line":21,"column":40},"end":{"line":21,"column":141}},"21":{"start":{"line":21,"column":109},"end":{"line":21,"column":141}},"22":{"start":{"line":22,"column":4},"end":{"line":22,"column":36}},"23":{"start":{"line":23,"column":4},"end":{"line":23,"column":18}},"24":{"start":{"line":25,"column":0},"end":{"line":25,"column":62}},"25":{"start":{"line":26,"column":19},"end":{"line":45,"column":1}},"26":{"start":{"line":41,"column":29},"end":{"line":41,"column":121}},"27":{"start":{"line":41,"column":58},"end":{"line":41,"column":120}},"28":{"start":{"line":46,"column":0},"end":{"line":46,"column":29}}},"fnMap":{"0":{"name":"(anonymous_0)","decl":{"start":{"line":2,"column":74},"end":{"line":2,"column":75}},"loc":{"start":{"line":2,"column":96},"end":{"line":9,"column":1}},"line":2},"1":{"name":"(anonymous_1)","decl":{"start":{"line":6,"column":38},"end":{"line":6,"column":39}},"loc":{"start":{"line":6,"column":49},"end":{"line":6,"column":65}},"line":6},"2":{"name":"(anonymous_2)","decl":{"start":{"line":9,"column":6},"end":{"line":9,"column":7}},"loc":{"start":{"line":9,"column":28},"end":{"line":12,"column":1}},"line":9},"3":{"name":"(anonymous_3)","decl":{"start":{"line":13,"column":80},"end":{"line":13,"column":81}},"loc":{"start":{"line":13,"column":95},"end":{"line":15,"column":1}},"line":13},"4":{"name":"(anonymous_4)","decl":{"start":{"line":15,"column":5},"end":{"line":15,"column":6}},"loc":{"start":{"line":15,"column":20},"end":{"line":17,"column":1}},"line":15},"5":{"name":"(anonymous_5)","decl":{"start":{"line":18,"column":50},"end":{"line":18,"column":51}},"loc":{"start":{"line":18,"column":65},"end":{"line":24,"column":1}},"line":18},"6":{"name":"(anonymous_6)","decl":{"start":{"line":41,"column":23},"end":{"line":41,"column":24}},"loc":{"start":{"line":41,"column":29},"end":{"line":41,"column":121}},"line":41},"7":{"name":"(anonymous_7)","decl":{"start":{"line":41,"column":52},"end":{"line":41,"column":53}},"loc":{"start":{"line":41,"column":58},"end":{"line":41,"column":120}},"line":41}},"branchMap":{"0":{"loc":{"start":{"line":2,"column":22},"end":{"line":12,"column":3}},"type":"binary-expr","locations":[{"start":{"line":2,"column":23},"end":{"line":2,"column":27}},{"start":{"line":2,"column":31},"end":{"line":2,"column":51}},{"start":{"line":2,"column":57},"end":{"line":12,"column":2}}],"line":2},"1":{"loc":{"start":{"line":2,"column":57},"end":{"line":12,"column":2}},"type":"cond-expr","locations":[{"start":{"line":2,"column":74},"end":{"line":9,"column":1}},{"start":{"line":9,"column":6},"end":{"line":12,"column":1}}],"line":2},"2":{"loc":{"start":{"line":3,"column":4},"end":{"line":3,"column":33}},"type":"if","locations":[{"start":{"line":3,"column":4},"end":{"line":3,"column":33}},{"start":{"line":3,"column":4},"end":{"line":3,"column":33}}],"line":3},"3":{"loc":{"start":{"line":5,"column":4},"end":{"line":7,"column":5}},"type":"if","locations":[{"start":{"line":5,"column":4},"end":{"line":7,"column":5}},{"start":{"line":5,"column":4},"end":{"line":7,"column":5}}],"line":5},"4":{"loc":{"start":{"line":5,"column":8},"end":{"line":5,"column":85}},"type":"binary-expr","locations":[{"start":{"line":5,"column":8},"end":{"line":5,"column":13}},{"start":{"line":5,"column":18},"end":{"line":5,"column":84}}],"line":5},"5":{"loc":{"start":{"line":5,"column":18},"end":{"line":5,"column":84}},"type":"cond-expr","locations":[{"start":{"line":5,"column":34},"end":{"line":5,"column":47}},{"start":{"line":5,"column":50},"end":{"line":5,"column":84}}],"line":5},"6":{"loc":{"start":{"line":5,"column":50},"end":{"line":5,"column":84}},"type":"binary-expr","locations":[{"start":{"line":5,"column":50},"end":{"line":5,"column":63}},{"start":{"line":5,"column":67},"end":{"line":5,"column":84}}],"line":5},"7":{"loc":{"start":{"line":10,"column":4},"end":{"line":10,"column":33}},"type":"if","locations":[{"start":{"line":10,"column":4},"end":{"line":10,"column":33}},{"start":{"line":10,"column":4},"end":{"line":10,"column":33}}],"line":10},"8":{"loc":{"start":{"line":13,"column":25},"end":{"line":17,"column":2}},"type":"binary-expr","locations":[{"start":{"line":13,"column":26},"end":{"line":13,"column":30}},{"start":{"line":13,"column":34},"end":{"line":13,"column":57}},{"start":{"line":13,"column":63},"end":{"line":17,"column":1}}],"line":13},"9":{"loc":{"start":{"line":13,"column":63},"end":{"line":17,"column":1}},"type":"cond-expr","locations":[{"start":{"line":13,"column":80},"end":{"line":15,"column":1}},{"start":{"line":15,"column":5},"end":{"line":17,"column":1}}],"line":13},"10":{"loc":{"start":{"line":18,"column":19},"end":{"line":24,"column":1}},"type":"binary-expr","locations":[{"start":{"line":18,"column":20},"end":{"line":18,"column":24}},{"start":{"line":18,"column":28},"end":{"line":18,"column":45}},{"start":{"line":18,"column":50},"end":{"line":24,"column":1}}],"line":18},"11":{"loc":{"start":{"line":19,"column":4},"end":{"line":19,"column":42}},"type":"if","locations":[{"start":{"line":19,"column":4},"end":{"line":19,"column":42}},{"start":{"line":19,"column":4},"end":{"line":19,"column":42}}],"line":19},"12":{"loc":{"start":{"line":19,"column":8},"end":{"line":19,"column":29}},"type":"binary-expr","locations":[{"start":{"line":19,"column":8},"end":{"line":19,"column":11}},{"start":{"line":19,"column":15},"end":{"line":19,"column":29}}],"line":19},"13":{"loc":{"start":{"line":21,"column":4},"end":{"line":21,"column":141}},"type":"if","locations":[{"start":{"line":21,"column":4},"end":{"line":21,"column":141}},{"start":{"line":21,"column":4},"end":{"line":21,"column":141}}],"line":21},"14":{"loc":{"start":{"line":21,"column":40},"end":{"line":21,"column":141}},"type":"if","locations":[{"start":{"line":21,"column":40},"end":{"line":21,"column":141}},{"start":{"line":21,"column":40},"end":{"line":21,"column":141}}],"line":21},"15":{"loc":{"start":{"line":21,"column":44},"end":{"line":21,"column":107}},"type":"binary-expr","locations":[{"start":{"line":21,"column":44},"end":{"line":21,"column":59}},{"start":{"line":21,"column":63},"end":{"line":21,"column":107}}],"line":21}},"s":{"0":1,"1":0,"2":0,"3":0,"4":0,"5":0,"6":0,"7":0,"8":0,"9":0,"10":0,"11":1,"12":0,"13":0,"14":1,"15":0,"16":0,"17":0,"18":0,"19":0,"20":0,"21":0,"22":0,"23":0,"24":1,"25":1,"26":0,"27":0,"28":1},"f":{"0":0,"1":0,"2":0,"3":0,"4":0,"5":0,"6":0,"7":0},"b":{"0":[1,1,1],"1":[1,0],"2":[0,0],"3":[0,0],"4":[0,0],"5":[0,0],"6":[0,0],"7":[0,0],"8":[1,1,1],"9":[1,0],"10":[1,1,1],"11":[0,0],"12":[0,0],"13":[0,0],"14":[0,0],"15":[0,0]},"inputSourceMap":{"version":3,"file":"auth.js","sourceRoot":"","sources":["auth.ts"],"names":[],"mappings":";;;;;;;;;;;;;;;;;;;;;;;;;AAkBA,MAAM,UAAU,GAAe;IAC7B,KAAK,EAAE,KAAK;IACZ,MAAM,EAAE;QAcN,GAAG,EAAE;YACH,MAAM,EAAE,KAAK;YAeb,aAAa,EAAE;gBACb,IAAI,EAAE,KAAK;gBACX,MAAM,EAAE,UAAU;gBAClB,KAAK,EAAE,YAAY;gBACnB,UAAU,EAAE,SAAS;aACtB;YAED,QAAQ,EAAE;gBASR,MAAM,EAAE,OAAO;gBAWf,aAAa,EAAE,IAAI;gBAYnB,IAAI,EAAE,CAAC,OAAO,CAAC;gBAaf,KAAK,EAAE,GAAG,EAAE,yEAAQ,iBAAiB,GAAC;aACvC;SACF;KACF;CACF,CAAA;AAED,kBAAe,UAAU,CAAA","sourcesContent":["/**\n * Config source: https://git.io/JY0mp\n *\n * Feel free to let us know via PR, if you find something broken in this config\n * file.\n */\n\nimport type { AuthConfig } from '@ioc:Adonis/Addons/Auth'\n\n/*\n|--------------------------------------------------------------------------\n| Authentication Mapping\n|--------------------------------------------------------------------------\n|\n| List of available authentication mapping. You must first define them\n| inside the `contracts/auth.ts` file before mentioning them here.\n|\n*/\nconst authConfig: AuthConfig = {\n  guard: 'api',\n  guards: {\n    /*\n    |--------------------------------------------------------------------------\n    | OAT Guard\n    |--------------------------------------------------------------------------\n    |\n    | OAT (Opaque access tokens) guard uses database backed tokens to authenticate\n    | HTTP request. This guard DOES NOT rely on sessions or cookies and uses\n    | Authorization header value for authentication.\n    |\n    | Use this guard to authenticate mobile apps or web clients that cannot rely\n    | on cookies/sessions.\n    |\n    */\n    api: {\n      driver: 'oat',\n\n      /*\n      |--------------------------------------------------------------------------\n      | Tokens provider\n      |--------------------------------------------------------------------------\n      |\n      | Uses SQL database for managing tokens. Use the \"database\" driver, when\n      | tokens are the secondary mode of authentication.\n      | For example: The Github personal tokens\n      |\n      | The foreignKey column is used to make the relationship between the user\n      | and the token. You are free to use any column name here.\n      |\n      */\n      tokenProvider: {\n        type: 'api',\n        driver: 'database',\n        table: 'api_tokens',\n        foreignKey: 'user_id',\n      },\n\n      provider: {\n        /*\n        |--------------------------------------------------------------------------\n        | Driver\n        |--------------------------------------------------------------------------\n        |\n        | Name of the driver\n        |\n        */\n        driver: 'lucid',\n\n        /*\n        |--------------------------------------------------------------------------\n        | Identifier key\n        |--------------------------------------------------------------------------\n        |\n        | The identifier key is the unique key on the model. In most cases specifying\n        | the primary key is the right choice.\n        |\n        */\n        identifierKey: 'id',\n\n        /*\n        |--------------------------------------------------------------------------\n        | Uids\n        |--------------------------------------------------------------------------\n        |\n        | Uids are used to search a user against one of the mentioned columns. During\n        | login, the auth module will search the user mentioned value against one\n        | of the mentioned columns to find their user record.\n        |\n        */\n        uids: ['email'],\n\n        /*\n        |--------------------------------------------------------------------------\n        | Model\n        |--------------------------------------------------------------------------\n        |\n        | The model to use for fetching or finding users. The model is imported\n        | lazily since the config files are read way earlier in the lifecycle\n        | of booting the app and the models may not be in a usable state at\n        | that time.\n        |\n        */\n        model: () => import('App/Models/User'),\n      },\n    },\n  },\n}\n\nexport default authConfig\n"]},"_coverageSchema":"1a1c01bbd47fc00a2c39e90264f33305004495a9","hash":"34025065697d1cf5c6f8c9490fb56fa9bb0fb048","contentHash":"b88599b3b23ded55f64c5eb294d746daeba531c439cce7b42e98c056b2f573ba"},"D:\\Developer\\NodeJS\\property-market\\config\\bodyparser.ts":{"path":"D:\\Developer\\NodeJS\\property-market\\config\\bodyparser.ts","statementMap":{"0":{"start":{"line":2,"column":0},"end":{"line":2,"column":62}},"1":{"start":{"line":3,"column":25},"end":{"line":38,"column":1}},"2":{"start":{"line":39,"column":0},"end":{"line":39,"column":35}}},"fnMap":{},"branchMap":{},"s":{"0":1,"1":1,"2":1},"f":{},"b":{},"inputSourceMap":{"version":3,"file":"bodyparser.js","sourceRoot":"","sources":["bodyparser.ts"],"names":[],"mappings":";;AASA,MAAM,gBAAgB,GAAqB;IAUzC,kBAAkB,EAAE,CAAC,MAAM,EAAE,KAAK,EAAE,OAAO,EAAE,QAAQ,CAAC;IAWtD,IAAI,EAAE;QACJ,QAAQ,EAAE,OAAO;QACjB,KAAK,EAAE,KAAK;QACZ,MAAM,EAAE,IAAI;QACZ,KAAK,EAAE;YACL,kBAAkB;YAClB,6BAA6B;YAC7B,0BAA0B;YAC1B,wBAAwB;SACzB;KACF;IAWD,IAAI,EAAE;QACJ,QAAQ,EAAE,OAAO;QACjB,KAAK,EAAE,KAAK;QACZ,WAAW,EAAE,EAAE;QAYf,yBAAyB,EAAE,IAAI;QAE/B,KAAK,EAAE,CAAC,mCAAmC,CAAC;KAC7C;IAYD,GAAG,EAAE;QACH,QAAQ,EAAE,OAAO;QACjB,KAAK,EAAE,KAAK;QACZ,WAAW,EAAE,EAAE;QACf,KAAK,EAAE,CAAC,QAAQ,CAAC;KAClB;IAWD,SAAS,EAAE;QAcT,WAAW,EAAE,IAAI;QAsBjB,eAAe,EAAE,EAAE;QAuBnB,QAAQ,EAAE,OAAO;QAYjB,yBAAyB,EAAE,IAAI;QAW/B,SAAS,EAAE,IAAI;QAWf,KAAK,EAAE,MAAM;QAUb,KAAK,EAAE,CAAC,qBAAqB,CAAC;KAC/B;CACF,CAAA;AAED,kBAAe,gBAAgB,CAAA","sourcesContent":["/**\n * Config source: https://git.io/Jfefn\n *\n * Feel free to let us know via PR, if you find something broken in this config\n * file.\n */\n\nimport type { BodyParserConfig } from '@ioc:Adonis/Core/BodyParser'\n\nconst bodyParserConfig: BodyParserConfig = {\n  /*\n  |--------------------------------------------------------------------------\n  | White listed methods\n  |--------------------------------------------------------------------------\n  |\n  | HTTP methods for which body parsing must be performed. It is a good practice\n  | to avoid body parsing for `GET` requests.\n  |\n  */\n  whitelistedMethods: ['POST', 'PUT', 'PATCH', 'DELETE'],\n\n  /*\n  |--------------------------------------------------------------------------\n  | JSON parser settings\n  |--------------------------------------------------------------------------\n  |\n  | The settings for the JSON parser. The types defines the request content\n  | types which gets processed by the JSON parser.\n  |\n  */\n  json: {\n    encoding: 'utf-8',\n    limit: '1mb',\n    strict: true,\n    types: [\n      'application/json',\n      'application/json-patch+json',\n      'application/vnd.api+json',\n      'application/csp-report',\n    ],\n  },\n\n  /*\n  |--------------------------------------------------------------------------\n  | Form parser settings\n  |--------------------------------------------------------------------------\n  |\n  | The settings for the `application/x-www-form-urlencoded` parser. The types\n  | defines the request content types which gets processed by the form parser.\n  |\n  */\n  form: {\n    encoding: 'utf-8',\n    limit: '1mb',\n    queryString: {},\n\n    /*\n    |--------------------------------------------------------------------------\n    | Convert empty strings to null\n    |--------------------------------------------------------------------------\n    |\n    | Convert empty form fields to null. HTML forms results in field string\n    | value when the field is left blank. This option normalizes all the blank\n    | field values to \"null\"\n    |\n    */\n    convertEmptyStringsToNull: true,\n\n    types: ['application/x-www-form-urlencoded'],\n  },\n\n  /*\n  |--------------------------------------------------------------------------\n  | Raw body parser settings\n  |--------------------------------------------------------------------------\n  |\n  | Raw body just reads the request body stream as a plain text, which you\n  | can process by hand. This must be used when request body type is not\n  | supported by the body parser.\n  |\n  */\n  raw: {\n    encoding: 'utf-8',\n    limit: '1mb',\n    queryString: {},\n    types: ['text/*'],\n  },\n\n  /*\n  |--------------------------------------------------------------------------\n  | Multipart parser settings\n  |--------------------------------------------------------------------------\n  |\n  | The settings for the `multipart/form-data` parser. The types defines the\n  | request content types which gets processed by the form parser.\n  |\n  */\n  multipart: {\n    /*\n    |--------------------------------------------------------------------------\n    | Auto process\n    |--------------------------------------------------------------------------\n    |\n    | The auto process option will process uploaded files and writes them to\n    | the `tmp` folder. You can turn it off and then manually use the stream\n    | to pipe stream to a different destination.\n    |\n    | It is recommended to keep `autoProcess=true`. Unless you are processing bigger\n    | file sizes.\n    |\n    */\n    autoProcess: true,\n\n    /*\n    |--------------------------------------------------------------------------\n    | Files to be processed manually\n    |--------------------------------------------------------------------------\n    |\n    | You can turn off `autoProcess` for certain routes by defining\n    | routes inside the following array.\n    |\n    | NOTE: Make sure the route pattern starts with a leading slash.\n    |\n    | Correct\n    | ```js\n    | /projects/:id/file\n    | ```\n    |\n    | Incorrect\n    | ```js\n    | projects/:id/file\n    | ```\n    */\n    processManually: [],\n\n    /*\n    |--------------------------------------------------------------------------\n    | Temporary file name\n    |--------------------------------------------------------------------------\n    |\n    | When auto processing is on. We will use this method to compute the temporary\n    | file name. AdonisJs will compute a unique `tmpPath` for you automatically,\n    | However, you can also define your own custom method.\n    |\n    */\n    // tmpFileName () {\n    // },\n\n    /*\n    |--------------------------------------------------------------------------\n    | Encoding\n    |--------------------------------------------------------------------------\n    |\n    | Request body encoding\n    |\n    */\n    encoding: 'utf-8',\n\n    /*\n    |--------------------------------------------------------------------------\n    | Convert empty strings to null\n    |--------------------------------------------------------------------------\n    |\n    | Convert empty form fields to null. HTML forms results in field string\n    | value when the field is left blank. This option normalizes all the blank\n    | field values to \"null\"\n    |\n    */\n    convertEmptyStringsToNull: true,\n\n    /*\n    |--------------------------------------------------------------------------\n    | Max Fields\n    |--------------------------------------------------------------------------\n    |\n    | The maximum number of fields allowed in the request body. The field includes\n    | text inputs and files both.\n    |\n    */\n    maxFields: 1000,\n\n    /*\n    |--------------------------------------------------------------------------\n    | Request body limit\n    |--------------------------------------------------------------------------\n    |\n    | The total limit to the multipart body. This includes all request files\n    | and fields data.\n    |\n    */\n    limit: '20mb',\n\n    /*\n    |--------------------------------------------------------------------------\n    | Types\n    |--------------------------------------------------------------------------\n    |\n    | The types that will be considered and parsed as multipart body.\n    |\n    */\n    types: ['multipart/form-data'],\n  },\n}\n\nexport default bodyParserConfig\n"]},"_coverageSchema":"1a1c01bbd47fc00a2c39e90264f33305004495a9","hash":"7409231378625faa50098928cafcb168ae52d75b","contentHash":"851f570e7b984eb0267246c0e54ab387b7b3971ab8e4755874404fe2166b6711"},"D:\\Developer\\NodeJS\\property-market\\config\\cors.ts":{"path":"D:\\Developer\\NodeJS\\property-market\\config\\cors.ts","statementMap":{"0":{"start":{"line":2,"column":0},"end":{"line":2,"column":62}},"1":{"start":{"line":3,"column":19},"end":{"line":18,"column":1}},"2":{"start":{"line":19,"column":0},"end":{"line":19,"column":29}}},"fnMap":{},"branchMap":{},"s":{"0":1,"1":1,"2":1},"f":{},"b":{},"inputSourceMap":{"version":3,"file":"cors.js","sourceRoot":"","sources":["cors.ts"],"names":[],"mappings":";;AASA,MAAM,UAAU,GAAe;IAa7B,OAAO,EAAE,KAAK;IAwBd,MAAM,EAAE,IAAI;IAYZ,OAAO,EAAE,CAAC,KAAK,EAAE,MAAM,EAAE,MAAM,EAAE,KAAK,EAAE,QAAQ,CAAC;IAmBjD,OAAO,EAAE,IAAI;IAsBb,aAAa,EAAE;QACb,eAAe;QACf,kBAAkB;QAClB,cAAc;QACd,SAAS;QACT,eAAe;QACf,QAAQ;KACT;IAaD,WAAW,EAAE,IAAI;IAWjB,MAAM,EAAE,EAAE;CACX,CAAA;AAED,kBAAe,UAAU,CAAA","sourcesContent":["/**\n * Config source: https://git.io/JfefC\n *\n * Feel free to let us know via PR, if you find something broken in this config\n * file.\n */\n\nimport type { CorsConfig } from '@ioc:Adonis/Core/Cors'\n\nconst corsConfig: CorsConfig = {\n  /*\n  |--------------------------------------------------------------------------\n  | Enabled\n  |--------------------------------------------------------------------------\n  |\n  | A boolean to enable or disable CORS integration from your AdonisJs\n  | application.\n  |\n  | Setting the value to `true` will enable the CORS for all HTTP request. However,\n  | you can define a function to enable/disable it on per request basis as well.\n  |\n  */\n  enabled: false,\n\n  // You can also use a function that return true or false.\n  // enabled: (request) => request.url().startsWith('/api')\n\n  /*\n  |--------------------------------------------------------------------------\n  | Origin\n  |--------------------------------------------------------------------------\n  |\n  | Set a list of origins to be allowed for `Access-Control-Allow-Origin`.\n  | The value can be one of the following:\n  |\n  | https://developer.mozilla.org/en-US/docs/Web/HTTP/Headers/Access-Control-Allow-Origin\n  |\n  | Boolean (true)    - Allow current request origin.\n  | Boolean (false)   - Disallow all.\n  | String            - Comma separated list of allowed origins.\n  | Array             - An array of allowed origins.\n  | String (*)        - A wildcard (*) to allow all request origins.\n  | Function          - Receives the current origin string and should return\n  |                     one of the above values.\n  |\n  */\n  origin: true,\n\n  /*\n  |--------------------------------------------------------------------------\n  | Methods\n  |--------------------------------------------------------------------------\n  |\n  | An array of allowed HTTP methods for CORS. The `Access-Control-Request-Method`\n  | is checked against the following list.\n  |\n  | Following is the list of default methods. Feel free to add more.\n  */\n  methods: ['GET', 'HEAD', 'POST', 'PUT', 'DELETE'],\n\n  /*\n  |--------------------------------------------------------------------------\n  | Headers\n  |--------------------------------------------------------------------------\n  |\n  | List of headers to be allowed for `Access-Control-Allow-Headers` header.\n  | The value can be one of the following:\n  |\n  | https://developer.mozilla.org/en-US/docs/Web/HTTP/Headers/Access-Control-Request-Headers\n  |\n  | Boolean(true)     - Allow all headers mentioned in `Access-Control-Request-Headers`.\n  | Boolean(false)    - Disallow all headers.\n  | String            - Comma separated list of allowed headers.\n  | Array             - An array of allowed headers.\n  | Function          - Receives the current header and should return one of the above values.\n  |\n  */\n  headers: true,\n\n  /*\n  |--------------------------------------------------------------------------\n  | Expose Headers\n  |--------------------------------------------------------------------------\n  |\n  | A list of headers to be exposed by setting `Access-Control-Expose-Headers`.\n  | header. By default following 6 simple response headers are exposed.\n  |\n  | Cache-Control\n  | Content-Language\n  | Content-Type\n  | Expires\n  | Last-Modified\n  | Pragma\n  |\n  | In order to add more headers, simply define them inside the following array.\n  |\n  | https://developer.mozilla.org/en-US/docs/Web/HTTP/Headers/Access-Control-Expose-Headers\n  |\n  */\n  exposeHeaders: [\n    'cache-control',\n    'content-language',\n    'content-type',\n    'expires',\n    'last-modified',\n    'pragma',\n  ],\n\n  /*\n  |--------------------------------------------------------------------------\n  | Credentials\n  |--------------------------------------------------------------------------\n  |\n  | Toggle `Access-Control-Allow-Credentials` header. If value is set to `true`,\n  | then header will be set, otherwise not.\n  |\n  | https://developer.mozilla.org/en-US/docs/Web/HTTP/Headers/Access-Control-Allow-Credentials\n  |\n  */\n  credentials: true,\n\n  /*\n  |--------------------------------------------------------------------------\n  | MaxAge\n  |--------------------------------------------------------------------------\n  |\n  | Define `Access-Control-Max-Age` header in seconds.\n  | https://developer.mozilla.org/en-US/docs/Web/HTTP/Headers/Access-Control-Max-Age\n  |\n  */\n  maxAge: 90,\n}\n\nexport default corsConfig\n"]},"_coverageSchema":"1a1c01bbd47fc00a2c39e90264f33305004495a9","hash":"c3a938107e80a2a0dea98faaca0a6b1d23a2e119","contentHash":"71b4b4c8bd4a2f60fa73492773b20501045528cea3ea00f9306780181aaa4290"},"D:\\Developer\\NodeJS\\property-market\\config\\database.ts":{"path":"D:\\Developer\\NodeJS\\property-market\\config\\database.ts","statementMap":{"0":{"start":{"line":2,"column":22},"end":{"line":4,"column":1}},"1":{"start":{"line":3,"column":4},"end":{"line":3,"column":62}},"2":{"start":{"line":5,"column":0},"end":{"line":5,"column":62}},"3":{"start":{"line":6,"column":14},"end":{"line":6,"column":79}},"4":{"start":{"line":7,"column":23},"end":{"line":26,"column":1}},"5":{"start":{"line":27,"column":0},"end":{"line":27,"column":33}}},"fnMap":{"0":{"name":"(anonymous_0)","decl":{"start":{"line":2,"column":56},"end":{"line":2,"column":57}},"loc":{"start":{"line":2,"column":71},"end":{"line":4,"column":1}},"line":2}},"branchMap":{"0":{"loc":{"start":{"line":2,"column":22},"end":{"line":4,"column":1}},"type":"binary-expr","locations":[{"start":{"line":2,"column":23},"end":{"line":2,"column":27}},{"start":{"line":2,"column":31},"end":{"line":2,"column":51}},{"start":{"line":2,"column":56},"end":{"line":4,"column":1}}],"line":2},"1":{"loc":{"start":{"line":3,"column":11},"end":{"line":3,"column":61}},"type":"cond-expr","locations":[{"start":{"line":3,"column":37},"end":{"line":3,"column":40}},{"start":{"line":3,"column":43},"end":{"line":3,"column":61}}],"line":3},"2":{"loc":{"start":{"line":3,"column":12},"end":{"line":3,"column":33}},"type":"binary-expr","locations":[{"start":{"line":3,"column":12},"end":{"line":3,"column":15}},{"start":{"line":3,"column":19},"end":{"line":3,"column":33}}],"line":3}},"s":{"0":1,"1":1,"2":1,"3":1,"4":1,"5":1},"f":{"0":1},"b":{"0":[1,1,1],"1":[0,1],"2":[1,1]},"inputSourceMap":{"version":3,"file":"database.js","sourceRoot":"","sources":["database.ts"],"names":[],"mappings":";;;;;AAOA,gFAAsC;AAGtC,MAAM,cAAc,GAAmB;IAWrC,UAAU,EAAE,aAAG,CAAC,GAAG,CAAC,eAAe,CAAC;IAEpC,WAAW,EAAE;QAYX,EAAE,EAAE;YACF,MAAM,EAAE,IAAI;YACZ,UAAU,EAAE;gBACV,IAAI,EAAE,aAAG,CAAC,GAAG,CAAC,SAAS,CAAC;gBACxB,IAAI,EAAE,aAAG,CAAC,GAAG,CAAC,SAAS,CAAC;gBACxB,IAAI,EAAE,aAAG,CAAC,GAAG,CAAC,SAAS,CAAC;gBACxB,QAAQ,EAAE,aAAG,CAAC,GAAG,CAAC,aAAa,EAAE,EAAE,CAAC;gBACpC,QAAQ,EAAE,aAAG,CAAC,GAAG,CAAC,YAAY,CAAC;aAChC;YACD,UAAU,EAAE;gBACV,WAAW,EAAE,IAAI;aAClB;YACD,WAAW,EAAE,IAAI;YACjB,KAAK,EAAE,KAAK;SACb;KACF;CACF,CAAA;AAED,kBAAe,cAAc,CAAA","sourcesContent":["/**\n * Config source: https://git.io/JesV9\n *\n * Feel free to let us know via PR, if you find something broken in this config\n * file.\n */\n\nimport Env from '@ioc:Adonis/Core/Env'\nimport { DatabaseConfig } from '@ioc:Adonis/Lucid/Database'\n\nconst databaseConfig: DatabaseConfig = {\n  /*\n  |--------------------------------------------------------------------------\n  | Connection\n  |--------------------------------------------------------------------------\n  |\n  | The primary connection for making database queries across the application\n  | You can use any key from the `connections` object defined in this same\n  | file.\n  |\n  */\n  connection: Env.get('DB_CONNECTION'),\n\n  connections: {\n    /*\n    |--------------------------------------------------------------------------\n    | PostgreSQL config\n    |--------------------------------------------------------------------------\n    |\n    | Configuration for PostgreSQL database. Make sure to install the driver\n    | from npm when using this connection\n    |\n    | npm i pg\n    |\n    */\n    pg: {\n      client: 'pg',\n      connection: {\n        host: Env.get('PG_HOST'),\n        port: Env.get('PG_PORT'),\n        user: Env.get('PG_USER'),\n        password: Env.get('PG_PASSWORD', ''),\n        database: Env.get('PG_DB_NAME'),\n      },\n      migrations: {\n        naturalSort: true,\n      },\n      healthCheck: true,\n      debug: false,\n    },\n  },\n}\n\nexport default databaseConfig\n"]},"_coverageSchema":"1a1c01bbd47fc00a2c39e90264f33305004495a9","hash":"a086342e0bfbc9d683e67a536c21777083eb009f","contentHash":"14894d838764d0e74eb8554b1093a483f540ce172aac3d7e38ad6ddf5b1c7e31"},"D:\\Developer\\NodeJS\\property-market\\config\\drive.ts":{"path":"D:\\Developer\\NodeJS\\property-market\\config\\drive.ts","statementMap":{"0":{"start":{"line":2,"column":22},"end":{"line":4,"column":1}},"1":{"start":{"line":3,"column":4},"end":{"line":3,"column":62}},"2":{"start":{"line":5,"column":0},"end":{"line":5,"column":62}},"3":{"start":{"line":6,"column":14},"end":{"line":6,"column":79}},"4":{"start":{"line":7,"column":17},"end":{"line":7,"column":55}},"5":{"start":{"line":8,"column":22},"end":{"line":8,"column":95}},"6":{"start":{"line":9,"column":0},"end":{"line":20,"column":3}}},"fnMap":{"0":{"name":"(anonymous_0)","decl":{"start":{"line":2,"column":56},"end":{"line":2,"column":57}},"loc":{"start":{"line":2,"column":71},"end":{"line":4,"column":1}},"line":2}},"branchMap":{"0":{"loc":{"start":{"line":2,"column":22},"end":{"line":4,"column":1}},"type":"binary-expr","locations":[{"start":{"line":2,"column":23},"end":{"line":2,"column":27}},{"start":{"line":2,"column":31},"end":{"line":2,"column":51}},{"start":{"line":2,"column":56},"end":{"line":4,"column":1}}],"line":2},"1":{"loc":{"start":{"line":3,"column":11},"end":{"line":3,"column":61}},"type":"cond-expr","locations":[{"start":{"line":3,"column":37},"end":{"line":3,"column":40}},{"start":{"line":3,"column":43},"end":{"line":3,"column":61}}],"line":3},"2":{"loc":{"start":{"line":3,"column":12},"end":{"line":3,"column":33}},"type":"binary-expr","locations":[{"start":{"line":3,"column":12},"end":{"line":3,"column":15}},{"start":{"line":3,"column":19},"end":{"line":3,"column":33}}],"line":3}},"s":{"0":1,"1":2,"2":1,"3":1,"4":1,"5":1,"6":1},"f":{"0":2},"b":{"0":[1,1,1],"1":[0,2],"2":[2,2]},"inputSourceMap":{"version":3,"file":"drive.js","sourceRoot":"","sources":["drive.ts"],"names":[],"mappings":";;;;;AAOA,gFAAsC;AACtC,wDAAyD;AACzD,gGAAsD;AAWtD,kBAAe,IAAA,oBAAW,EAAC;IAUzB,IAAI,EAAE,aAAG,CAAC,GAAG,CAAC,YAAY,CAAC;IAE3B,KAAK,EAAE;QAUL,KAAK,EAAE;YACL,MAAM,EAAE,OAAO;YACf,UAAU,EAAE,QAAQ;YAWpB,IAAI,EAAE,qBAAW,CAAC,OAAO,CAAC,SAAS,CAAC;YAYpC,UAAU,EAAE,IAAI;YAYhB,QAAQ,EAAE,UAAU;SACrB;KAmEF;CACF,CAAC,CAAA","sourcesContent":["/**\n * Config source: https://git.io/JBt3o\n *\n * Feel free to let us know via PR, if you find something broken in this config\n * file.\n */\n\nimport Env from '@ioc:Adonis/Core/Env'\nimport { driveConfig } from '@adonisjs/core/build/config'\nimport Application from '@ioc:Adonis/Core/Application'\n\n/*\n|--------------------------------------------------------------------------\n| Drive Config\n|--------------------------------------------------------------------------\n|\n| The `DriveConfig` relies on the `DisksList` interface which is\n| defined inside the `contracts` directory.\n|\n*/\nexport default driveConfig({\n  /*\n  |--------------------------------------------------------------------------\n  | Default disk\n  |--------------------------------------------------------------------------\n  |\n  | The default disk to use for managing file uploads. The value is driven by\n  | the `DRIVE_DISK` environment variable.\n  |\n  */\n  disk: Env.get('DRIVE_DISK'),\n\n  disks: {\n    /*\n    |--------------------------------------------------------------------------\n    | Local\n    |--------------------------------------------------------------------------\n    |\n    | Uses the local file system to manage files. Make sure to turn off serving\n    | files when not using this disk.\n    |\n    */\n    local: {\n      driver: 'local',\n      visibility: 'public',\n\n      /*\n      |--------------------------------------------------------------------------\n      | Storage root - Local driver only\n      |--------------------------------------------------------------------------\n      |\n      | Define an absolute path to the storage directory from where to read the\n      | files.\n      |\n      */\n      root: Application.tmpPath('uploads'),\n\n      /*\n      |--------------------------------------------------------------------------\n      | Serve files - Local driver only\n      |--------------------------------------------------------------------------\n      |\n      | When this is set to true, AdonisJS will configure a files server to serve\n      | files from the disk root. This is done to mimic the behavior of cloud\n      | storage services that has inbuilt capabilities to serve files.\n      |\n      */\n      serveFiles: true,\n\n      /*\n      |--------------------------------------------------------------------------\n      | Base path - Local driver only\n      |--------------------------------------------------------------------------\n      |\n      | Base path is always required when \"serveFiles = true\". Also make sure\n      | the `basePath` is unique across all the disks using \"local\" driver and\n      | you are not registering routes with this prefix.\n      |\n      */\n      basePath: '/uploads',\n    },\n\n    /*\n    |--------------------------------------------------------------------------\n    | S3 Driver\n    |--------------------------------------------------------------------------\n    |\n    | Uses the S3 cloud storage to manage files. Make sure to install the s3\n    | drive separately when using it.\n    |\n    |**************************************************************************\n    | npm i @adonisjs/drive-s3\n    |**************************************************************************\n    |\n    */\n    // s3: {\n    //   driver: 's3',\n    //   visibility: 'public',\n    //   key: Env.get('S3_KEY'),\n    //   secret: Env.get('S3_SECRET'),\n    //   region: Env.get('S3_REGION'),\n    //   bucket: Env.get('S3_BUCKET'),\n    //   endpoint: Env.get('S3_ENDPOINT'),\n    //\n    //  // For minio to work\n    //  // forcePathStyle: true,\n    // },\n\n    /*\n    |--------------------------------------------------------------------------\n    | GCS Driver\n    |--------------------------------------------------------------------------\n    |\n    | Uses the Google cloud storage to manage files. Make sure to install the GCS\n    | drive separately when using it.\n    |\n    |**************************************************************************\n    | npm i @adonisjs/drive-gcs\n    |**************************************************************************\n    |\n    */\n    // gcs: {\n    //   driver: 'gcs',\n    //   visibility: 'public',\n    //   keyFilename: Env.get('GCS_KEY_FILENAME'),\n    //   bucket: Env.get('GCS_BUCKET'),\n\n    /*\n      |--------------------------------------------------------------------------\n      | Uniform ACL - Google cloud storage only\n      |--------------------------------------------------------------------------\n      |\n      | When using the Uniform ACL on the bucket, the \"visibility\" option is\n      | ignored. Since, the files ACL is managed by the google bucket policies\n      | directly.\n      |\n      |**************************************************************************\n      | Learn more: https://cloud.google.com/storage/docs/uniform-bucket-level-access\n      |**************************************************************************\n      |\n      | The following option just informs drive whether your bucket is using uniform\n      | ACL or not. The actual setting needs to be toggled within the Google cloud\n      | console.\n      |\n      */\n    //   usingUniformAcl: false,\n    // },\n  },\n})\n"]},"_coverageSchema":"1a1c01bbd47fc00a2c39e90264f33305004495a9","hash":"a4338ffbfff92b681ef63d61bd146812c90386d3","contentHash":"f4d9df8879a3c61c8af491b5839c07502aad571b7428c850e86cd816857a8222"},"D:\\Developer\\NodeJS\\property-market\\config\\hash.ts":{"path":"D:\\Developer\\NodeJS\\property-market\\config\\hash.ts","statementMap":{"0":{"start":{"line":2,"column":22},"end":{"line":4,"column":1}},"1":{"start":{"line":3,"column":4},"end":{"line":3,"column":62}},"2":{"start":{"line":5,"column":0},"end":{"line":5,"column":62}},"3":{"start":{"line":6,"column":14},"end":{"line":6,"column":79}},"4":{"start":{"line":7,"column":17},"end":{"line":7,"column":55}},"5":{"start":{"line":8,"column":0},"end":{"line":33,"column":3}}},"fnMap":{"0":{"name":"(anonymous_0)","decl":{"start":{"line":2,"column":56},"end":{"line":2,"column":57}},"loc":{"start":{"line":2,"column":71},"end":{"line":4,"column":1}},"line":2}},"branchMap":{"0":{"loc":{"start":{"line":2,"column":22},"end":{"line":4,"column":1}},"type":"binary-expr","locations":[{"start":{"line":2,"column":23},"end":{"line":2,"column":27}},{"start":{"line":2,"column":31},"end":{"line":2,"column":51}},{"start":{"line":2,"column":56},"end":{"line":4,"column":1}}],"line":2},"1":{"loc":{"start":{"line":3,"column":11},"end":{"line":3,"column":61}},"type":"cond-expr","locations":[{"start":{"line":3,"column":37},"end":{"line":3,"column":40}},{"start":{"line":3,"column":43},"end":{"line":3,"column":61}}],"line":3},"2":{"loc":{"start":{"line":3,"column":12},"end":{"line":3,"column":33}},"type":"binary-expr","locations":[{"start":{"line":3,"column":12},"end":{"line":3,"column":15}},{"start":{"line":3,"column":19},"end":{"line":3,"column":33}}],"line":3}},"s":{"0":1,"1":1,"2":1,"3":1,"4":1,"5":1},"f":{"0":1},"b":{"0":[1,1,1],"1":[0,1],"2":[1,1]},"inputSourceMap":{"version":3,"file":"hash.js","sourceRoot":"","sources":["hash.ts"],"names":[],"mappings":";;;;;AAOA,gFAAsC;AACtC,wDAAwD;AAWxD,kBAAe,IAAA,mBAAU,EAAC;IAUxB,OAAO,EAAE,aAAG,CAAC,GAAG,CAAC,aAAa,EAAE,QAAQ,CAAC;IAEzC,IAAI,EAAE;QAcJ,MAAM,EAAE;YACN,MAAM,EAAE,QAAQ;YAChB,IAAI,EAAE,KAAK;YACX,SAAS,EAAE,CAAC;YACZ,eAAe,EAAE,CAAC;YAClB,QAAQ,EAAE,EAAE;YACZ,SAAS,EAAE,EAAE;YACb,SAAS,EAAE,EAAE,GAAG,IAAI,GAAG,IAAI;SAC5B;QAeD,KAAK,EAAE;YACL,MAAM,EAAE,QAAQ;YAChB,OAAO,EAAE,IAAI;YACb,UAAU,EAAE,CAAC;YACb,MAAM,EAAE,IAAI;YACZ,WAAW,EAAE,CAAC;YACd,QAAQ,EAAE,EAAE;SACb;QAeD,MAAM,EAAE;YACN,MAAM,EAAE,QAAQ;YAChB,MAAM,EAAE,EAAE;SACX;KACF;CACF,CAAC,CAAA","sourcesContent":["/**\n * Config source: https://git.io/JfefW\n *\n * Feel free to let us know via PR, if you find something broken in this config\n * file.\n */\n\nimport Env from '@ioc:Adonis/Core/Env'\nimport { hashConfig } from '@adonisjs/core/build/config'\n\n/*\n|--------------------------------------------------------------------------\n| Hash Config\n|--------------------------------------------------------------------------\n|\n| The `HashConfig` relies on the `HashList` interface which is\n| defined inside `contracts` directory.\n|\n*/\nexport default hashConfig({\n  /*\n  |--------------------------------------------------------------------------\n  | Default hasher\n  |--------------------------------------------------------------------------\n  |\n  | By default we make use of the argon hasher to hash values. However, feel\n  | free to change the default value\n  |\n  */\n  default: Env.get('HASH_DRIVER', 'scrypt'),\n\n  list: {\n    /*\n    |--------------------------------------------------------------------------\n    | scrypt\n    |--------------------------------------------------------------------------\n    |\n    | Scrypt mapping uses the Node.js inbuilt crypto module for creating\n    | hashes.\n    |\n    | We are using the default configuration recommended within the Node.js\n    | documentation.\n    | https://nodejs.org/api/crypto.html#cryptoscryptpassword-salt-keylen-options-callback\n    |\n    */\n    scrypt: {\n      driver: 'scrypt',\n      cost: 16384,\n      blockSize: 8,\n      parallelization: 1,\n      saltSize: 16,\n      keyLength: 64,\n      maxMemory: 32 * 1024 * 1024,\n    },\n\n    /*\n    |--------------------------------------------------------------------------\n    | Argon\n    |--------------------------------------------------------------------------\n    |\n    | Argon mapping uses the `argon2` driver to hash values.\n    |\n    | Make sure you install the underlying dependency for this driver to work.\n    | https://www.npmjs.com/package/phc-argon2.\n    |\n    | npm install phc-argon2\n    |\n    */\n    argon: {\n      driver: 'argon2',\n      variant: 'id',\n      iterations: 3,\n      memory: 4096,\n      parallelism: 1,\n      saltSize: 16,\n    },\n\n    /*\n    |--------------------------------------------------------------------------\n    | Bcrypt\n    |--------------------------------------------------------------------------\n    |\n    | Bcrypt mapping uses the `bcrypt` driver to hash values.\n    |\n    | Make sure you install the underlying dependency for this driver to work.\n    | https://www.npmjs.com/package/phc-bcrypt.\n    |\n    | npm install phc-bcrypt\n    |\n    */\n    bcrypt: {\n      driver: 'bcrypt',\n      rounds: 10,\n    },\n  },\n})\n"]},"_coverageSchema":"1a1c01bbd47fc00a2c39e90264f33305004495a9","hash":"6915ebd712da023f0c91d7e7113a2f11d0f53876","contentHash":"31c26ecd724ffd2174a900af17e334c29c5215164085773626598a3e75f24199"},"D:\\Developer\\NodeJS\\property-market\\config\\swagger.ts":{"path":"D:\\Developer\\NodeJS\\property-market\\config\\swagger.ts","statementMap":{"0":{"start":{"line":2,"column":0},"end":{"line":2,"column":62}},"1":{"start":{"line":3,"column":0},"end":{"line":32,"column":2}}},"fnMap":{},"branchMap":{"0":{"loc":{"start":{"line":30,"column":10},"end":{"line":30,"column":74}},"type":"cond-expr","locations":[{"start":{"line":30,"column":50},"end":{"line":30,"column":62}},{"start":{"line":30,"column":65},"end":{"line":30,"column":74}}],"line":30}},"s":{"0":1,"1":1},"f":{},"b":{"0":[0,1]},"inputSourceMap":{"version":3,"file":"swagger.js","sourceRoot":"","sources":["swagger.ts"],"names":[],"mappings":";;AAEA,kBAAe;IACb,SAAS,EAAE,IAAI;IACf,KAAK,EAAE,MAAM;IACb,WAAW,EAAE,IAAI;IACjB,OAAO,EAAE,eAAe;IAExB,UAAU,EAAE,EAAE;IAEd,OAAO,EAAE;QACP,UAAU,EAAE;YACV,OAAO,EAAE,OAAO;YAChB,IAAI,EAAE;gBACJ,KAAK,EAAE,+BAA+B;gBACtC,OAAO,EAAE,OAAO;gBAChB,WAAW,EAAE,kCAAkC;aAChD;YACD,UAAU,EAAE;gBACV,eAAe,EAAE;oBACf,UAAU,EAAE;wBACV,IAAI,EAAE,MAAM;wBACZ,MAAM,EAAE,QAAQ;wBAChB,YAAY,EAAE,KAAK;qBACpB;iBACF;aACF;SACF;QAED,IAAI,EAAE,CAAC,aAAa,EAAE,uBAAuB,EAAE,iBAAiB,CAAC;QACjE,QAAQ,EAAE,GAAG;KACd;IACD,IAAI,EAAE,OAAO,CAAC,GAAG,CAAC,QAAQ,KAAK,YAAY,CAAC,CAAC,CAAC,YAAY,CAAC,CAAC,CAAC,SAAS;IACtE,YAAY,EAAE,mBAAmB;CACjB,CAAA","sourcesContent":["import { SwaggerConfig } from '@ioc:Adonis/Addons/Swagger'\n\nexport default {\n  uiEnabled: true, //disable or enable swaggerUi route\n  uiUrl: 'docs', // url path to swaggerUI\n  specEnabled: true, //disable or enable swagger.json route\n  specUrl: '/swagger.json',\n\n  middleware: [], // middlewares array, for protect your swagger docs and spec endpoints\n\n  options: {\n    definition: {\n      openapi: '3.0.0',\n      info: {\n        title: 'Application with swagger docs',\n        version: '1.0.0',\n        description: 'My application with swagger docs',\n      },\n      components: {\n        securitySchemes: {\n          bearerAuth: {\n            type: 'http',\n            scheme: 'bearer',\n            bearerFormat: 'JWT',\n          },\n        },\n      },\n    },\n\n    apis: ['app/**/*.ts', 'docs/swagger/**/*.yml', 'start/routes.ts'],\n    basePath: '/',\n  },\n  mode: process.env.NODE_ENV === 'production' ? 'PRODUCTION' : 'RUNTIME',\n  specFilePath: 'docs/swagger.json',\n} as SwaggerConfig\n"]},"_coverageSchema":"1a1c01bbd47fc00a2c39e90264f33305004495a9","hash":"2e3987a75f1969b94063e034b97481fbc797d81f","contentHash":"72e6b45d015347738c028b90af57d60b364a0adba5455c68f1ebb3097077ee1f"},"D:\\Developer\\NodeJS\\property-market\\providers\\AppProvider.ts":{"path":"D:\\Developer\\NodeJS\\property-market\\providers\\AppProvider.ts","statementMap":{"0":{"start":{"line":2,"column":0},"end":{"line":2,"column":62}},"1":{"start":{"line":5,"column":8},"end":{"line":5,"column":23}},"2":{"start":{"line":16,"column":0},"end":{"line":16,"column":30}}},"fnMap":{"0":{"name":"(anonymous_0)","decl":{"start":{"line":4,"column":4},"end":{"line":4,"column":5}},"loc":{"start":{"line":4,"column":21},"end":{"line":6,"column":5}},"line":4},"1":{"name":"(anonymous_1)","decl":{"start":{"line":7,"column":4},"end":{"line":7,"column":5}},"loc":{"start":{"line":7,"column":15},"end":{"line":8,"column":5}},"line":7},"2":{"name":"(anonymous_2)","decl":{"start":{"line":9,"column":4},"end":{"line":9,"column":5}},"loc":{"start":{"line":9,"column":17},"end":{"line":10,"column":5}},"line":9},"3":{"name":"(anonymous_3)","decl":{"start":{"line":11,"column":4},"end":{"line":11,"column":5}},"loc":{"start":{"line":11,"column":18},"end":{"line":12,"column":5}},"line":11},"4":{"name":"(anonymous_4)","decl":{"start":{"line":13,"column":4},"end":{"line":13,"column":5}},"loc":{"start":{"line":13,"column":21},"end":{"line":14,"column":5}},"line":13}},"branchMap":{},"s":{"0":1,"1":1,"2":1},"f":{"0":1,"1":1,"2":1,"3":1,"4":1},"b":{},"inputSourceMap":{"version":3,"file":"AppProvider.js","sourceRoot":"","sources":["AppProvider.ts"],"names":[],"mappings":";;AAEA,MAAqB,WAAW;IAC9B,YAAsB,GAAwB;QAAxB,QAAG,GAAH,GAAG,CAAqB;IAAG,CAAC;IAE3C,QAAQ;IAEf,CAAC;IAEM,KAAK,CAAC,IAAI;IAEjB,CAAC;IAEM,KAAK,CAAC,KAAK;IAElB,CAAC;IAEM,KAAK,CAAC,QAAQ;IAErB,CAAC;CACF;AAlBD,8BAkBC","sourcesContent":["import type { ApplicationContract } from '@ioc:Adonis/Core/Application'\n\nexport default class AppProvider {\n  constructor(protected app: ApplicationContract) {}\n\n  public register() {\n    // Register your own bindings\n  }\n\n  public async boot() {\n    // IoC container is ready\n  }\n\n  public async ready() {\n    // App is ready\n  }\n\n  public async shutdown() {\n    // Cleanup, since app is going down\n  }\n}\n"]},"_coverageSchema":"1a1c01bbd47fc00a2c39e90264f33305004495a9","hash":"e96c684c57417cf0293653803c2f5ad00bf480ce","contentHash":"ed1c80d83462dd132435da05ecf78b8e6035530b8f34cebef59fc77f46791a3b"},"D:\\Developer\\NodeJS\\property-market\\start\\routes.ts":{"path":"D:\\Developer\\NodeJS\\property-market\\start\\routes.ts","statementMap":{"0":{"start":{"line":2,"column":22},"end":{"line":4,"column":1}},"1":{"start":{"line":3,"column":4},"end":{"line":3,"column":62}},"2":{"start":{"line":5,"column":0},"end":{"line":5,"column":62}},"3":{"start":{"line":6,"column":16},"end":{"line":6,"column":83}},"4":{"start":{"line":7,"column":0},"end":{"line":15,"column":24}},"5":{"start":{"line":8,"column":4},"end":{"line":8,"column":72}},"6":{"start":{"line":9,"column":4},"end":{"line":9,"column":71}},"7":{"start":{"line":10,"column":4},"end":{"line":10,"column":74}},"8":{"start":{"line":11,"column":4},"end":{"line":11,"column":82}},"9":{"start":{"line":12,"column":4},"end":{"line":12,"column":79}},"10":{"start":{"line":16,"column":0},"end":{"line":19,"column":18}},"11":{"start":{"line":17,"column":4},"end":{"line":17,"column":70}},"12":{"start":{"line":18,"column":4},"end":{"line":18,"column":64}},"13":{"start":{"line":20,"column":0},"end":{"line":23,"column":3}},"14":{"start":{"line":21,"column":20},"end":{"line":21,"column":35}},"15":{"start":{"line":22,"column":4},"end":{"line":22,"column":47}}},"fnMap":{"0":{"name":"(anonymous_0)","decl":{"start":{"line":2,"column":56},"end":{"line":2,"column":57}},"loc":{"start":{"line":2,"column":71},"end":{"line":4,"column":1}},"line":2},"1":{"name":"(anonymous_1)","decl":{"start":{"line":7,"column":22},"end":{"line":7,"column":23}},"loc":{"start":{"line":7,"column":28},"end":{"line":13,"column":1}},"line":7},"2":{"name":"(anonymous_2)","decl":{"start":{"line":16,"column":22},"end":{"line":16,"column":23}},"loc":{"start":{"line":16,"column":28},"end":{"line":19,"column":1}},"line":16},"3":{"name":"(anonymous_3)","decl":{"start":{"line":20,"column":29},"end":{"line":20,"column":30}},"loc":{"start":{"line":20,"column":49},"end":{"line":23,"column":1}},"line":20}},"branchMap":{"0":{"loc":{"start":{"line":2,"column":22},"end":{"line":4,"column":1}},"type":"binary-expr","locations":[{"start":{"line":2,"column":23},"end":{"line":2,"column":27}},{"start":{"line":2,"column":31},"end":{"line":2,"column":51}},{"start":{"line":2,"column":56},"end":{"line":4,"column":1}}],"line":2},"1":{"loc":{"start":{"line":3,"column":11},"end":{"line":3,"column":61}},"type":"cond-expr","locations":[{"start":{"line":3,"column":37},"end":{"line":3,"column":40}},{"start":{"line":3,"column":43},"end":{"line":3,"column":61}}],"line":3},"2":{"loc":{"start":{"line":3,"column":12},"end":{"line":3,"column":33}},"type":"binary-expr","locations":[{"start":{"line":3,"column":12},"end":{"line":3,"column":15}},{"start":{"line":3,"column":19},"end":{"line":3,"column":33}}],"line":3}},"s":{"0":1,"1":1,"2":1,"3":1,"4":1,"5":1,"6":1,"7":1,"8":1,"9":1,"10":1,"11":1,"12":1,"13":1,"14":0,"15":0},"f":{"0":1,"1":1,"2":1,"3":0},"b":{"0":[1,1,1],"1":[0,1],"2":[1,1]},"inputSourceMap":{"version":3,"file":"routes.js","sourceRoot":"","sources":["routes.ts"],"names":[],"mappings":";;;;;AAoBA,oFAA0C;AAE1C,eAAK,CAAC,KAAK,CAAC,GAAG,EAAE;IACf,eAAK,CAAC,IAAI,CAAC,eAAe,EAAE,4BAA4B,CAAC,CAAA;IACzD,eAAK,CAAC,GAAG,CAAC,gBAAgB,EAAE,2BAA2B,CAAC,CAAA;IACxD,eAAK,CAAC,GAAG,CAAC,eAAe,EAAE,+BAA+B,CAAC,CAAA;IAC3D,eAAK,CAAC,MAAM,CAAC,sBAAsB,EAAE,6BAA6B,CAAC,CAAA;IACnE,eAAK,CAAC,GAAG,CAAC,sBAAsB,EAAE,6BAA6B,CAAC,CAAA;AAClE,CAAC,CAAC;KACC,MAAM,CAAC,MAAM,CAAC;KACd,UAAU,CAAC,MAAM,CAAC,CAAA;AAErB,eAAK,CAAC,KAAK,CAAC,GAAG,EAAE;IACf,eAAK,CAAC,IAAI,CAAC,gBAAgB,EAAE,yBAAyB,CAAC,CAAA;IACvD,eAAK,CAAC,IAAI,CAAC,aAAa,EAAE,sBAAsB,CAAC,CAAA;AACnD,CAAC,CAAC,CAAC,MAAM,CAAC,MAAM,CAAC,CAAA;AAEjB,eAAK,CAAC,GAAG,CAAC,OAAO,EAAE,KAAK,EAAE,EAAE,IAAI,EAAE,EAAE,EAAE;IACpC,MAAM,OAAO,GAAG,eAAe,CAAA;IAC/B,OAAO,IAAI,CAAC,MAAM,CAAC,SAAS,EAAE,EAAE,OAAO,EAAE,CAAC,CAAA;AAC5C,CAAC,CAAC,CAAA","sourcesContent":["/*\n|--------------------------------------------------------------------------\n| Routes\n|--------------------------------------------------------------------------\n|\n| This file is dedicated for defining HTTP routes. A single file is enough\n| for majority of projects, however you can define routes in different\n| files and just make sure to import them inside this file. For example\n|\n| Define routes in following two files\n| ├── start/routes/cart.ts\n| ├── start/routes/customer.ts\n|\n| and then import them inside `start/routes.ts` as follows\n|\n| import './routes/cart'\n| import './routes/customer'\n|\n*/\n\nimport Route from '@ioc:Adonis/Core/Route'\n\nRoute.group(() => {\n  Route.post('/property/add', 'PropertiesController.store')\n  Route.get('/property/list', 'PropertiesController.list')\n  Route.get('/property/:id', 'PropertiesController.findById')\n  Route.delete('/property/delete/:id', 'PropertiesController.delete')\n  Route.put('/property/update/:id', 'PropertiesController.update')\n})\n  .prefix('/api')\n  .middleware('auth')\n\nRoute.group(() => {\n  Route.post('/auth/register', 'AuthController.register')\n  Route.post('/auth/login', 'AuthController.login')\n}).prefix('/api')\n\nRoute.get('/docs', async ({ view }) => {\n  const specUrl = 'your spec url'\n  return view.render('swagger', { specUrl })\n})\n"]},"_coverageSchema":"1a1c01bbd47fc00a2c39e90264f33305004495a9","hash":"7adcabc282132eccce96c61b4d8ecd19c8d96cba","contentHash":"4dfdf910177ef17c70440855768b066a477d2361c93a747e35d4ff69a49f1ba1"},"D:\\Developer\\NodeJS\\property-market\\start\\kernel.ts":{"path":"D:\\Developer\\NodeJS\\property-market\\start\\kernel.ts","statementMap":{"0":{"start":{"line":2,"column":22},"end":{"line":12,"column":3}},"1":{"start":{"line":3,"column":4},"end":{"line":3,"column":33}},"2":{"start":{"line":3,"column":26},"end":{"line":3,"column":33}},"3":{"start":{"line":4,"column":15},"end":{"line":4,"column":52}},"4":{"start":{"line":5,"column":4},"end":{"line":7,"column":5}},"5":{"start":{"line":6,"column":6},"end":{"line":6,"column":68}},"6":{"start":{"line":6,"column":51},"end":{"line":6,"column":63}},"7":{"start":{"line":8,"column":4},"end":{"line":8,"column":39}},"8":{"start":{"line":10,"column":4},"end":{"line":10,"column":33}},"9":{"start":{"line":10,"column":26},"end":{"line":10,"column":33}},"10":{"start":{"line":11,"column":4},"end":{"line":11,"column":17}},"11":{"start":{"line":13,"column":25},"end":{"line":17,"column":2}},"12":{"start":{"line":14,"column":4},"end":{"line":14,"column":72}},"13":{"start":{"line":16,"column":4},"end":{"line":16,"column":21}},"14":{"start":{"line":18,"column":19},"end":{"line":24,"column":1}},"15":{"start":{"line":19,"column":4},"end":{"line":19,"column":42}},"16":{"start":{"line":19,"column":31},"end":{"line":19,"column":42}},"17":{"start":{"line":20,"column":17},"end":{"line":20,"column":19}},"18":{"start":{"line":21,"column":4},"end":{"line":21,"column":141}},"19":{"start":{"line":21,"column":21},"end":{"line":21,"column":141}},"20":{"start":{"line":21,"column":40},"end":{"line":21,"column":141}},"21":{"start":{"line":21,"column":109},"end":{"line":21,"column":141}},"22":{"start":{"line":22,"column":4},"end":{"line":22,"column":36}},"23":{"start":{"line":23,"column":4},"end":{"line":23,"column":18}},"24":{"start":{"line":25,"column":22},"end":{"line":27,"column":1}},"25":{"start":{"line":26,"column":4},"end":{"line":26,"column":62}},"26":{"start":{"line":28,"column":0},"end":{"line":28,"column":62}},"27":{"start":{"line":29,"column":17},"end":{"line":29,"column":85}},"28":{"start":{"line":30,"column":0},"end":{"line":30,"column":146}},"29":{"start":{"line":30,"column":44},"end":{"line":30,"column":143}},"30":{"start":{"line":30,"column":73},"end":{"line":30,"column":142}},"31":{"start":{"line":31,"column":0},"end":{"line":33,"column":3}},"32":{"start":{"line":32,"column":16},"end":{"line":32,"column":112}},"33":{"start":{"line":32,"column":45},"end":{"line":32,"column":111}}},"fnMap":{"0":{"name":"(anonymous_0)","decl":{"start":{"line":2,"column":74},"end":{"line":2,"column":75}},"loc":{"start":{"line":2,"column":96},"end":{"line":9,"column":1}},"line":2},"1":{"name":"(anonymous_1)","decl":{"start":{"line":6,"column":38},"end":{"line":6,"column":39}},"loc":{"start":{"line":6,"column":49},"end":{"line":6,"column":65}},"line":6},"2":{"name":"(anonymous_2)","decl":{"start":{"line":9,"column":6},"end":{"line":9,"column":7}},"loc":{"start":{"line":9,"column":28},"end":{"line":12,"column":1}},"line":9},"3":{"name":"(anonymous_3)","decl":{"start":{"line":13,"column":80},"end":{"line":13,"column":81}},"loc":{"start":{"line":13,"column":95},"end":{"line":15,"column":1}},"line":13},"4":{"name":"(anonymous_4)","decl":{"start":{"line":15,"column":5},"end":{"line":15,"column":6}},"loc":{"start":{"line":15,"column":20},"end":{"line":17,"column":1}},"line":15},"5":{"name":"(anonymous_5)","decl":{"start":{"line":18,"column":50},"end":{"line":18,"column":51}},"loc":{"start":{"line":18,"column":65},"end":{"line":24,"column":1}},"line":18},"6":{"name":"(anonymous_6)","decl":{"start":{"line":25,"column":56},"end":{"line":25,"column":57}},"loc":{"start":{"line":25,"column":71},"end":{"line":27,"column":1}},"line":25},"7":{"name":"(anonymous_7)","decl":{"start":{"line":30,"column":38},"end":{"line":30,"column":39}},"loc":{"start":{"line":30,"column":44},"end":{"line":30,"column":143}},"line":30},"8":{"name":"(anonymous_8)","decl":{"start":{"line":30,"column":67},"end":{"line":30,"column":68}},"loc":{"start":{"line":30,"column":73},"end":{"line":30,"column":142}},"line":30},"9":{"name":"(anonymous_9)","decl":{"start":{"line":32,"column":10},"end":{"line":32,"column":11}},"loc":{"start":{"line":32,"column":16},"end":{"line":32,"column":112}},"line":32},"10":{"name":"(anonymous_10)","decl":{"start":{"line":32,"column":39},"end":{"line":32,"column":40}},"loc":{"start":{"line":32,"column":45},"end":{"line":32,"column":111}},"line":32}},"branchMap":{"0":{"loc":{"start":{"line":2,"column":22},"end":{"line":12,"column":3}},"type":"binary-expr","locations":[{"start":{"line":2,"column":23},"end":{"line":2,"column":27}},{"start":{"line":2,"column":31},"end":{"line":2,"column":51}},{"start":{"line":2,"column":57},"end":{"line":12,"column":2}}],"line":2},"1":{"loc":{"start":{"line":2,"column":57},"end":{"line":12,"column":2}},"type":"cond-expr","locations":[{"start":{"line":2,"column":74},"end":{"line":9,"column":1}},{"start":{"line":9,"column":6},"end":{"line":12,"column":1}}],"line":2},"2":{"loc":{"start":{"line":3,"column":4},"end":{"line":3,"column":33}},"type":"if","locations":[{"start":{"line":3,"column":4},"end":{"line":3,"column":33}},{"start":{"line":3,"column":4},"end":{"line":3,"column":33}}],"line":3},"3":{"loc":{"start":{"line":5,"column":4},"end":{"line":7,"column":5}},"type":"if","locations":[{"start":{"line":5,"column":4},"end":{"line":7,"column":5}},{"start":{"line":5,"column":4},"end":{"line":7,"column":5}}],"line":5},"4":{"loc":{"start":{"line":5,"column":8},"end":{"line":5,"column":85}},"type":"binary-expr","locations":[{"start":{"line":5,"column":8},"end":{"line":5,"column":13}},{"start":{"line":5,"column":18},"end":{"line":5,"column":84}}],"line":5},"5":{"loc":{"start":{"line":5,"column":18},"end":{"line":5,"column":84}},"type":"cond-expr","locations":[{"start":{"line":5,"column":34},"end":{"line":5,"column":47}},{"start":{"line":5,"column":50},"end":{"line":5,"column":84}}],"line":5},"6":{"loc":{"start":{"line":5,"column":50},"end":{"line":5,"column":84}},"type":"binary-expr","locations":[{"start":{"line":5,"column":50},"end":{"line":5,"column":63}},{"start":{"line":5,"column":67},"end":{"line":5,"column":84}}],"line":5},"7":{"loc":{"start":{"line":10,"column":4},"end":{"line":10,"column":33}},"type":"if","locations":[{"start":{"line":10,"column":4},"end":{"line":10,"column":33}},{"start":{"line":10,"column":4},"end":{"line":10,"column":33}}],"line":10},"8":{"loc":{"start":{"line":13,"column":25},"end":{"line":17,"column":2}},"type":"binary-expr","locations":[{"start":{"line":13,"column":26},"end":{"line":13,"column":30}},{"start":{"line":13,"column":34},"end":{"line":13,"column":57}},{"start":{"line":13,"column":63},"end":{"line":17,"column":1}}],"line":13},"9":{"loc":{"start":{"line":13,"column":63},"end":{"line":17,"column":1}},"type":"cond-expr","locations":[{"start":{"line":13,"column":80},"end":{"line":15,"column":1}},{"start":{"line":15,"column":5},"end":{"line":17,"column":1}}],"line":13},"10":{"loc":{"start":{"line":18,"column":19},"end":{"line":24,"column":1}},"type":"binary-expr","locations":[{"start":{"line":18,"column":20},"end":{"line":18,"column":24}},{"start":{"line":18,"column":28},"end":{"line":18,"column":45}},{"start":{"line":18,"column":50},"end":{"line":24,"column":1}}],"line":18},"11":{"loc":{"start":{"line":19,"column":4},"end":{"line":19,"column":42}},"type":"if","locations":[{"start":{"line":19,"column":4},"end":{"line":19,"column":42}},{"start":{"line":19,"column":4},"end":{"line":19,"column":42}}],"line":19},"12":{"loc":{"start":{"line":19,"column":8},"end":{"line":19,"column":29}},"type":"binary-expr","locations":[{"start":{"line":19,"column":8},"end":{"line":19,"column":11}},{"start":{"line":19,"column":15},"end":{"line":19,"column":29}}],"line":19},"13":{"loc":{"start":{"line":21,"column":4},"end":{"line":21,"column":141}},"type":"if","locations":[{"start":{"line":21,"column":4},"end":{"line":21,"column":141}},{"start":{"line":21,"column":4},"end":{"line":21,"column":141}}],"line":21},"14":{"loc":{"start":{"line":21,"column":40},"end":{"line":21,"column":141}},"type":"if","locations":[{"start":{"line":21,"column":40},"end":{"line":21,"column":141}},{"start":{"line":21,"column":40},"end":{"line":21,"column":141}}],"line":21},"15":{"loc":{"start":{"line":21,"column":44},"end":{"line":21,"column":107}},"type":"binary-expr","locations":[{"start":{"line":21,"column":44},"end":{"line":21,"column":59}},{"start":{"line":21,"column":63},"end":{"line":21,"column":107}}],"line":21},"16":{"loc":{"start":{"line":25,"column":22},"end":{"line":27,"column":1}},"type":"binary-expr","locations":[{"start":{"line":25,"column":23},"end":{"line":25,"column":27}},{"start":{"line":25,"column":31},"end":{"line":25,"column":51}},{"start":{"line":25,"column":56},"end":{"line":27,"column":1}}],"line":25},"17":{"loc":{"start":{"line":26,"column":11},"end":{"line":26,"column":61}},"type":"cond-expr","locations":[{"start":{"line":26,"column":37},"end":{"line":26,"column":40}},{"start":{"line":26,"column":43},"end":{"line":26,"column":61}}],"line":26},"18":{"loc":{"start":{"line":26,"column":12},"end":{"line":26,"column":33}},"type":"binary-expr","locations":[{"start":{"line":26,"column":12},"end":{"line":26,"column":15}},{"start":{"line":26,"column":19},"end":{"line":26,"column":33}}],"line":26}},"s":{"0":1,"1":0,"2":0,"3":0,"4":0,"5":0,"6":0,"7":0,"8":0,"9":0,"10":0,"11":1,"12":6,"13":0,"14":1,"15":6,"16":0,"17":6,"18":6,"19":6,"20":0,"21":0,"22":6,"23":6,"24":1,"25":1,"26":1,"27":1,"28":1,"29":6,"30":6,"31":1,"32":0,"33":0},"f":{"0":0,"1":0,"2":0,"3":6,"4":0,"5":6,"6":1,"7":6,"8":6,"9":0,"10":0},"b":{"0":[1,1,1],"1":[1,0],"2":[0,0],"3":[0,0],"4":[0,0],"5":[0,0],"6":[0,0],"7":[0,0],"8":[1,1,1],"9":[1,0],"10":[1,1,1],"11":[0,6],"12":[6,6],"13":[6,0],"14":[0,0],"15":[0,0],"16":[1,1,1],"17":[0,1],"18":[1,1]},"inputSourceMap":{"version":3,"file":"kernel.js","sourceRoot":"","sources":["kernel.ts"],"names":[],"mappings":";;;;;;;;;;;;;;;;;;;;;;;;;;;;AAWA,sFAA4C;AAW5C,gBAAM,CAAC,UAAU,CAAC,QAAQ,CAAC,CAAC,GAAG,EAAE,oGAAsC,CAAC,CAAC,CAAA;AAkBzE,gBAAM,CAAC,UAAU,CAAC,aAAa,CAAC;IAC9B,IAAI,EAAE,GAAG,EAAE,yEAAQ,qBAAqB,GAAC;CAC1C,CAAC,CAAA","sourcesContent":["/*\n|--------------------------------------------------------------------------\n| Application middleware\n|--------------------------------------------------------------------------\n|\n| This file is used to define middleware for HTTP requests. You can register\n| middleware as a `closure` or an IoC container binding. The bindings are\n| preferred, since they keep this file clean.\n|\n*/\n\nimport Server from '@ioc:Adonis/Core/Server'\n\n/*\n|--------------------------------------------------------------------------\n| Global middleware\n|--------------------------------------------------------------------------\n|\n| An array of global middleware, that will be executed in the order they\n| are defined for every HTTP requests.\n|\n*/\nServer.middleware.register([() => import('@ioc:Adonis/Core/BodyParser')])\n\n/*\n|--------------------------------------------------------------------------\n| Named middleware\n|--------------------------------------------------------------------------\n|\n| Named middleware are defined as key-value pair. The value is the namespace\n| or middleware function and key is the alias. Later you can use these\n| alias on individual routes. For example:\n|\n| { auth: () => import('App/Middleware/Auth') }\n|\n| and then use it as follows\n|\n| Route.get('dashboard', 'UserController.dashboard').middleware('auth')\n|\n*/\nServer.middleware.registerNamed({\n  auth: () => import('App/Middleware/Auth'),\n})\n"]},"_coverageSchema":"1a1c01bbd47fc00a2c39e90264f33305004495a9","hash":"d3f97740cb3f38e2b39473eee1c4b43f7c550916","contentHash":"ea16b2727eceea337117a4e228d7fa583d7aa21bf743e536b4373cba13a7225a"},"D:\\Developer\\NodeJS\\property-market\\database\\migrations\\1676619961632_properties.ts":{"path":"D:\\Developer\\NodeJS\\property-market\\database\\migrations\\1676619961632_properties.ts","statementMap":{"0":{"start":{"line":2,"column":22},"end":{"line":4,"column":1}},"1":{"start":{"line":3,"column":4},"end":{"line":3,"column":62}},"2":{"start":{"line":5,"column":0},"end":{"line":5,"column":62}},"3":{"start":{"line":6,"column":17},"end":{"line":6,"column":86}},"4":{"start":{"line":9,"column":8},"end":{"line":9,"column":28}},"5":{"start":{"line":10,"column":8},"end":{"line":10,"column":38}},"6":{"start":{"line":13,"column":8},"end":{"line":20,"column":11}},"7":{"start":{"line":14,"column":12},"end":{"line":14,"column":35}},"8":{"start":{"line":15,"column":12},"end":{"line":15,"column":47}},"9":{"start":{"line":16,"column":12},"end":{"line":16,"column":45}},"10":{"start":{"line":17,"column":12},"end":{"line":17,"column":48}},"11":{"start":{"line":18,"column":12},"end":{"line":18,"column":59}},"12":{"start":{"line":19,"column":12},"end":{"line":19,"column":59}},"13":{"start":{"line":23,"column":8},"end":{"line":23,"column":46}},"14":{"start":{"line":26,"column":0},"end":{"line":26,"column":28}}},"fnMap":{"0":
[...]
'user_id').unsigned().references('id').inTable('users').onDelete('CASCADE')\n      table.string('name').notNullable()\n      table.string('type').notNullable()\n      table.string('token', 64).notNullable().unique()\n\n      /**\n       * Uses timestamptz for PostgreSQL and DATETIME2 for MSSQL\n       */\n      table.timestamp('expires_at', { useTz: true }).nullable()\n      table.timestamp('created_at', { useTz: true }).notNullable()\n    })\n  }\n\n  public async down() {\n    this.schema.dropTable(this.tableName)\n  }\n}\n"]},"_coverageSchema":"1a1c01bbd47fc00a2c39e90264f33305004495a9","hash":"f56728b9795cea9720a3d3a8e636b371553c7fa6","contentHash":"5b82eceb9f0238e08213b9af87e6611cfe7a1de95a51da71c1ddc27f191d11b5"},"D:\\Developer\\NodeJS\\property-market\\app\\Controllers\\Http\\AuthController.ts":{"path":"D:\\Developer\\NodeJS\\property-market\\app\\Controllers\\Http\\AuthController.ts","statementMap":{"0":{"start":{"line":2,"column":22},"end":{"line":4,"column":1}},"1":{"start":{"line":3,"column":4},"end":{"line":3,"column":62}},"2":{"start":{"line":5,"column":0},"end":{"line":5,"column":62}},"3":{"start":{"line":6,"column":15},"end":{"line":6,"column":80}},"4":{"start":{"line":9,"column":24},"end":{"line":9,"column":38}},"5":{"start":{"line":10,"column":8},"end":{"line":10,"column":37}},"6":{"start":{"line":12,"column":28},"end":{"line":12,"column":79}},"7":{"start":{"line":13,"column":8},"end":{"line":19,"column":9}},"8":{"start":{"line":14,"column":12},"end":{"line":14,"column":33}},"9":{"start":{"line":15,"column":12},"end":{"line":18,"column":14}},"10":{"start":{"line":20,"column":21},"end":{"line":20,"column":57}},"11":{"start":{"line":21,"column":8},"end":{"line":33,"column":9}},"12":{"start":{"line":22,"column":12},"end":{"line":24,"column":15}},"13":{"start":{"line":27,"column":12},"end":{"line":27,"column":33}},"14":{"start":{"line":28,"column":12},"end":{"line":28,"column":33}},"15":{"start":{"line":29,"column":12},"end":{"line":32,"column":14}},"16":{"start":{"line":34,"column":8},"end":{"line":34,"column":29}},"17":{"start":{"line":35,"column":8},"end":{"line":45,"column":10}},"18":{"start":{"line":48,"column":24},"end":{"line":48,"column":38}},"19":{"start":{"line":50,"column":21},"end":{"line":50,"column":72}},"20":{"start":{"line":51,"column":8},"end":{"line":57,"column":9}},"21":{"start":{"line":52,"column":12},"end":{"line":52,"column":33}},"22":{"start":{"line":53,"column":12},"end":{"line":56,"column":14}},"23":{"start":{"line":58,"column":8},"end":{"line":70,"column":9}},"24":{"start":{"line":59,"column":12},"end":{"line":61,"column":15}},"25":{"start":{"line":64,"column":12},"end":{"line":64,"column":33}},"26":{"start":{"line":65,"column":12},"end":{"line":65,"column":33}},"27":{"start":{"line":66,"column":12},"end":{"line":69,"column":14}},"28":{"start":{"line":71,"column":8},"end":{"line":71,"column":29}},"29":{"start":{"line":72,"column":8},"end":{"line":82,"column":10}},"30":{"start":{"line":85,"column":0},"end":{"line":85,"column":33}}},"fnMap":{"0":{"name":"(anonymous_0)","decl":{"start":{"line":2,"column":56},"end":{"line":2,"column":57}},"loc":{"start":{"line":2,"column":71},"end":{"line":4,"column":1}},"line":2},"1":{"name":"(anonymous_1)","decl":{"start":{"line":8,"column":4},"end":{"line":8,"column":5}},"loc":{"start":{"line":8,"column":48},"end":{"line":46,"column":5}},"line":8},"2":{"name":"(anonymous_2)","decl":{"start":{"line":47,"column":4},"end":{"line":47,"column":5}},"loc":{"start":{"line":47,"column":45},"end":{"line":83,"column":5}},"line":47}},"branchMap":{"0":{"loc":{"start":{"line":2,"column":22},"end":{"line":4,"column":1}},"type":"binary-expr","locations":[{"start":{"line":2,"column":23},"end":{"line":2,"column":27}},{"start":{"line":2,"column":31},"end":{"line":2,"column":51}},{"start":{"line":2,"column":56},"end":{"line":4,"column":1}}],"line":2},"1":{"loc":{"start":{"line":3,"column":11},"end":{"line":3,"column":61}},"type":"cond-expr","locations":[{"start":{"line":3,"column":37},"end":{"line":3,"column":40}},{"start":{"line":3,"column":43},"end":{"line":3,"column":61}}],"line":3},"2":{"loc":{"start":{"line":3,"column":12},"end":{"line":3,"column":33}},"type":"binary-expr","locations":[{"start":{"line":3,"column":12},"end":{"line":3,"column":15}},{"start":{"line":3,"column":19},"end":{"line":3,"column":33}}],"line":3},"3":{"loc":{"start":{"line":13,"column":8},"end":{"line":19,"column":9}},"type":"if","locations":[{"start":{"line":13,"column":8},"end":{"line":19,"column":9}},{"start":{"line":13,"column":8},"end":{"line":19,"column":9}}],"line":13},"4":{"loc":{"start":{"line":51,"column":8},"end":{"line":57,"column":9}},"type":"if","locations":[{"start":{"line":51,"column":8},"end":{"line":57,"column":9}},{"start":{"line":51,"column":8},"end":{"line":57,"column":9}}],"line":51}},"s":{"0":1,"1":1,"2":1,"3":1,"4":4,"5":4,"6":4,"7":4,"8":1,"9":1,"10":3,"11":3,"12":3,"13":0,"14":0,"15":0,"16":3,"17":3,"18":2,"19":2,"20":2,"21":1,"22":1,"23":1,"24":1,"25":0,"26":0,"27":0,"28":1,"29":1,"30":1},"f":{"0":1,"1":4,"2":2},"b":{"0":[1,1,1],"1":[1,0],"2":[1,1],"3":[1,3],"4":[1,1]},"inputSourceMap":{"version":3,"file":"AuthController.js","sourceRoot":"","sources":["AuthController.ts"],"names":[],"mappings":";;;;;AACA,iFAAkC;AAElC,MAAqB,cAAc;IAC1B,KAAK,CAAC,QAAQ,CAAC,EAAE,IAAI,EAAE,OAAO,EAAE,QAAQ,EAAuB;QACpE,MAAM,OAAO,GAAG,OAAO,CAAC,IAAI,EAAE,CAAA;QAC9B,OAAO,CAAC,GAAG,CAAC,MAAM,EAAE,OAAO,CAAC,CAAA;QAC5B,IAAI,KAAU,CAAA;QAEd,MAAM,WAAW,GAAG,MAAM,cAAI,CAAC,MAAM,CAAC,OAAO,EAAE,OAAO,CAAC,KAAK,CAAC,CAAA;QAE7D,IAAI,WAAW,KAAK,IAAI,EAAE;YACxB,QAAQ,CAAC,MAAM,CAAC,GAAG,CAAC,CAAA;YAEpB,OAAO;gBACL,MAAM,EAAE,MAAM;gBACd,OAAO,EAAE,oCAAoC;aAC9C,CAAA;SACF;QAED,MAAM,IAAI,GAAG,MAAM,cAAI,CAAC,MAAM,CAAC,OAAO,CAAC,CAAA;QAEvC,IAAI;YACF,KAAK,GAAG,MAAM,IAAI,CAAC,GAAG,CAAC,KAAK,CAAC,CAAC,QAAQ,CAAC,IAAI,EAAE;gBAC3C,SAAS,EAAE,SAAS;aACrB,CAAC,CAAA;SACH;QAAC,OAAO,KAAK,EAAE;YACd,OAAO,CAAC,KAAK,CAAC,KAAK,CAAC,CAAA;YACpB,QAAQ,CAAC,MAAM,CAAC,GAAG,CAAC,CAAA;YAEpB,OAAO;gBACL,MAAM,EAAE,MAAM;gBACd,OAAO,EAAE,qBAAqB;aAC/B,CAAA;SACF;QAED,QAAQ,CAAC,MAAM,CAAC,GAAG,CAAC,CAAA;QAEpB,OAAO;YACL,MAAM,EAAE,IAAI;YACZ,OAAO,EAAE,SAAS;YAClB,IAAI,EAAE;gBACJ,IAAI,EAAE;oBACJ,EAAE,EAAE,IAAI,CAAC,EAAE;oBACX,KAAK,EAAE,IAAI,CAAC,KAAK;iBAClB;gBACD,KAAK;aACN;SACF,CAAA;IACH,CAAC;IAEM,KAAK,CAAC,KAAK,CAAC,EAAE,IAAI,EAAE,OAAO,EAAE,QAAQ,EAAuB;QACjE,MAAM,OAAO,GAAG,OAAO,CAAC,IAAI,EAAE,CAAA;QAC9B,IAAI,KAAU,CAAA;QAEd,MAAM,IAAI,GAAG,MAAM,cAAI,CAAC,MAAM,CAAC,OAAO,EAAE,OAAO,CAAC,KAAK,CAAC,CAAA;QAEtD,IAAI,IAAI,KAAK,IAAI,EAAE;YACjB,QAAQ,CAAC,MAAM,CAAC,GAAG,CAAC,CAAA;YAEpB,OAAO;gBACL,MAAM,EAAE,MAAM;gBACd,OAAO,EAAE,gCAAgC;aAC1C,CAAA;SACF;QAED,IAAI;YACF,KAAK,GAAG,MAAM,IAAI,CAAC,GAAG,CAAC,KAAK,CAAC,CAAC,QAAQ,CAAC,IAAI,EAAE;gBAC3C,SAAS,EAAE,SAAS;aACrB,CAAC,CAAA;SACH;QAAC,OAAO,KAAK,EAAE;YACd,OAAO,CAAC,KAAK,CAAC,KAAK,CAAC,CAAA;YACpB,QAAQ,CAAC,MAAM,CAAC,GAAG,CAAC,CAAA;YAEpB,OAAO;gBACL,MAAM,EAAE,MAAM;gBACd,OAAO,EAAE,qBAAqB;aAC/B,CAAA;SACF;QAED,QAAQ,CAAC,MAAM,CAAC,GAAG,CAAC,CAAA;QAEpB,OAAO;YACL,MAAM,EAAE,IAAI;YACZ,OAAO,EAAE,SAAS;YAClB,IAAI,EAAE;gBACJ,IAAI,EAAE;oBACJ,EAAE,EAAE,IAAI,CAAC,EAAE;oBACX,KAAK,EAAE,IAAI,CAAC,KAAK;iBAClB;gBACD,KAAK;aACN;SACF,CAAA;IACH,CAAC;CACF;AA3FD,iCA2FC","sourcesContent":["import type { HttpContextContract } from '@ioc:Adonis/Core/HttpContext'\nimport User from 'App/Models/User'\n\nexport default class AuthController {\n  public async register({ auth, request, response }: HttpContextContract) {\n    const payload = request.body()\n    console.log('data', payload)\n    let token: any\n\n    const existNumber = await User.findBy('email', payload.email)\n\n    if (existNumber !== null) {\n      response.status(400)\n\n      return {\n        status: 'fail',\n        message: 'username or password not available',\n      }\n    }\n\n    const user = await User.create(payload)\n\n    try {\n      token = await auth.use('api').generate(user, {\n        expiresIn: '30 mins',\n      })\n    } catch (error) {\n      console.error(error)\n      response.status(401)\n\n      return {\n        status: 'fail',\n        message: 'invalid credentials',\n      }\n    }\n\n    response.status(201)\n\n    return {\n      status: 'ok',\n      message: 'success',\n      data: {\n        user: {\n          id: user.id,\n          email: user.email,\n        },\n        token,\n      },\n    }\n  }\n\n  public async login({ auth, request, response }: HttpContextContract) {\n    const payload = request.body()\n    let token: any\n\n    const user = await User.findBy('email', payload.email)\n\n    if (user === null) {\n      response.status(400)\n\n      return {\n        status: 'fail',\n        message: 'username or password incorrect',\n      }\n    }\n\n    try {\n      token = await auth.use('api').generate(user, {\n        expiresIn: '30 mins',\n      })\n    } catch (error) {\n      console.error(error)\n      response.status(401)\n\n      return {\n        status: 'fail',\n        message: 'invalid credentials',\n      }\n    }\n\n    response.status(200)\n\n    return {\n      status: 'ok',\n      message: 'success',\n      data: {\n        user: {\n          id: user.id,\n          email: user.email,\n        },\n        token,\n      },\n    }\n  }\n}\n"]},"_coverageSchema":"1a1c01bbd47fc00a2c39e90264f33305004495a9","hash":"35c48595c6233dfc76cc8a7c067e21b84d3cec0b","contentHash":"e1e611c697396846735a0a07a3ec043601a895b8100801d6632794f2e920c1af"},"D:\\Developer\\NodeJS\\property-market\\app\\Models\\User.ts":{"path":"D:\\Developer\\NodeJS\\property-market\\app\\Models\\User.ts","statementMap":{"0":{"start":{"line":2,"column":17},"end":{"line":7,"column":1}},"1":{"start":{"line":3,"column":12},"end":{"line":3,"column":28}},"2":{"start":{"line":3,"column":34},"end":{"line":3,"column":125}},"3":{"start":{"line":4,"column":4},"end":{"line":5,"column":150}},"4":{"start":{"line":4,"column":79},"end":{"line":4,"column":131}},"5":{"start":{"line":5,"column":9},"end":{"line":5,"column":150}},"6":{"start":{"line":5,"column":22},"end":{"line":5,"column":43}},"7":{"start":{"line":5,"column":58},"end":{"line":5,"column":150}},"8":{"start":{"line":5,"column":81},"end":{"line":5,"column":150}},"9":{"start":{"line":6,"column":4},"end":{"line":6,"column":66}},"10":{"start":{"line":8,"column":17},"end":{"line":10,"column":1}},"11":{"start":{"line":9,"column":4},"end":{"line":9,"column":109}},"12":{"start":{"line":9,"column":79},"end":{"line":9,"column":109}},"13":{"start":{"line":11,"column":22},"end":{"line":13,"column":1}},"14":{"start":{"line":12,"column":4},"end":{"line":12,"column":62}},"15":{"start":{"line":15,"column":0},"end":{"line":15,"column":62}},"16":{"start":{"line":16,"column":16},"end":{"line":16,"column":32}},"17":{"start":{"line":17,"column":15},"end":{"line":17,"column":81}},"18":{"start":{"line":18,"column":14},"end":{"line":18,"column":63}},"19":{"start":{"line":21,"column":8},"end":{"line":23,"column":9}},"20":{"start":{"line":22,"column":12},"end":{"line":22,"column":69}},"21":{"start":{"line":26,"column":0},"end":{"line":29,"column":33}},"22":{"start":{"line":30,"column":0},"end":{"line":33,"column":35}},"23":{"start":{"line":34,"column":0},"end":{"line":37,"column":36}},"24":{"start":{"line":38,"column":0},"end":{"line":41,"column":39}},"25":{"start":{"line":42,"column":0},"end":{"line":45,"column":46}},"26":{"start":{"line":46,"column":0},"end":{"line":49,"column":40}},"27":{"start":{"line":50,"column":0},"end":{"line":53,"column":40}},"28":{"start":{"line":54,"column":0},"end":{"line":59,"column":31}},"29":{"start":{"line":60,"column":0},"end":{"line":60,"column":23}}},"fnMap":{"0":{"name":"(anonymous_0)","decl":{"start":{"line":2,"column":46},"end":{"line":2,"column":47}},"loc":{"start":{"line":2,"column":87},"end":{"line":7,"column":1}},"line":2},"1":{"name":"(anonymous_1)","decl":{"start":{"line":8,"column":46},"end":{"line":8,"column":47}},"loc":{"start":{"line":8,"column":62},"end":{"line":10,"column":1}},"line":8},"2":{"name":"(anonymous_2)","decl":{"start":{"line":11,"column":56},"end":{"line":11,"column":57}},"loc":{"start":{"line":11,"column":71},"end":{"line":13,"column":1}},"line":11},"3":{"name":"(anonymous_3)","decl":{"start":{"line":20,"column":4},"end":{"line":20,"column":5}},"loc":{"start":{"line":20,"column":36},"end":{"line":24,"column":5}},"line":20}},"branchMap":{"0":{"loc":{"start":{"line":2,"column":17},"end":{"line":7,"column":1}},"type":"binary-expr","locations":[{"start":{"line":2,"column":18},"end":{"line":2,"column":22}},{"start":{"line":2,"column":26},"end":{"line":2,"column":41}},{"start":{"line":2,"column":46},"end":{"line":7,"column":1}}],"line":2},"1":{"loc":{"start":{"line":3,"column":34},"end":{"line":3,"column":125}},"type":"cond-expr","locations":[{"start":{"line":3,"column":42},"end":{"line":3,"column":48}},{"start":{"line":3,"column":51},"end":{"line":3,"column":125}}],"line":3},"2":{"loc":{"start":{"line":3,"column":51},"end":{"line":3,"column":125}},"type":"cond-expr","locations":[{"start":{"line":3,"column":67},"end":{"line":3,"column":118}},{"start":{"line":3,"column":121},"end":{"line":3,"column":125}}],"line":3},"3":{"loc":{"start":{"line":4,"column":4},"end":{"line":5,"column":150}},"type":"if","locations":[{"start":{"line":4,"column":4},"end":{"line":5,"column":150}},{"start":{"line":4,"column":4},"end":{"line":5,"column":150}}],"line":4},"4":{"loc":{"start":{"line":4,"column":8},"end":{"line":4,"column":77}},"type":"binary-expr","locations":[{"start":{"line":4,"column":8},"end":{"line":4,"column":35}},{"start":{"line":4,"column":39},"end":{"line":4,"column":77}}],"line":4},"5":{"loc":{"start":{"line":5,"column":58},"end":{"line":5,"column":150}},"type":"if","locations":[{"start":{"line":5,"column":58},"end":{"line":5,"column":150}},{"start":{"line":5,"column":58},"end":{"line":5,"column":150}}],"line":5},"6":{"loc":{"start":{"line":5,"column":85},"end":{"line":5,"column":149}},"type":"binary-expr","locations":[{"start":{"line":5,"column":86},"end":{"line":5,"column":143}},{"start":{"line":5,"column":148},"end":{"line":5,"column":149}}],"line":5},"7":{"loc":{"start":{"line":5,"column":86},"end":{"line":5,"column":143}},"type":"cond-expr","locations":[{"start":{"line":5,"column":94},"end":{"line":5,"column":98}},{"start":{"line":5,"column":101},"end":{"line":5,"column":143}}],"line":5},"8":{"loc":{"start":{"line":5,"column":101},"end":{"line":5,"column":143}},"type":"cond-expr","locations":[{"start":{"line":5,"column":109},"end":{"line":5,"column":126}},{"start":{"line":5,"column":129},"end":{"line":5,"column":143}}],"line":5},"9":{"loc":{"start":{"line":6,"column":11},"end":{"line":6,"column":62}},"type":"binary-expr","locations":[{"start":{"line":6,"column":11},"end":{"line":6,"column":16}},{"start":{"line":6,"column":20},"end":{"line":6,"column":21}},{"start":{"line":6,"column":25},"end":{"line":6,"column":62}}],"line":6},"10":{"loc":{"start":{"line":8,"column":17},"end":{"line":10,"column":1}},"type":"binary-expr","locations":[{"start":{"line":8,"column":18},"end":{"line":8,"column":22}},{"start":{"line":8,"column":26},"end":{"line":8,"column":41}},{"start":{"line":8,"column":46},"end":{"line":10,"column":1}}],"line":8},"11":{"loc":{"start":{"line":9,"column":4},"end":{"line":9,"column":109}},"type":"if","locations":[{"start":{"line":9,"column":4},"end":{"line":9,"column":109}},{"start":{"line":9,"column":4},"end":{"line":9,"column":109}}],"line":9},"12":{"loc":{"start":{"line":9,"column":8},"end":{"line":9,"column":77}},"type":"binary-expr","locations":[{"start":{"line":9,"column":8},"end":{"line":9,"column":35}},{"start":{"line":9,"column":39},"end":{"line":9,"column":77}}],"line":9},"13":{"loc":{"start":{"line":11,"column":22},"end":{"line":13,"column":1}},"type":"binary-expr","locations":[{"start":{"line":11,"column":23},"end":{"line":11,"column":27}},{"start":{"line":11,"column":31},"end":{"line":11,"column":51}},{"start":{"line":11,"column":56},"end":{"line":13,"column":1}}],"line":11},"14":{"loc":{"start":{"line":12,"column":11},"end":{"line":12,"column":61}},"type":"cond-expr","locations":[{"start":{"line":12,"column":37},"end":{"line":12,"column":40}},{"start":{"line":12,"column":43},"end":{"line":12,"column":61}}],"line":12},"15":{"loc":{"start":{"line":12,"column":12},"end":{"line":12,"column":33}},"type":"binary-expr","locations":[{"start":{"line":12,"column":12},"end":{"line":12,"column":15}},{"start":{"line":12,"column":19},"end":{"line":12,"column":33}}],"line":12},"16":{"loc":{"start":{"line":21,"column":8},"end":{"line":23,"column":9}},"type":"if","locations":[{"start":{"line":21,"column":8},"end":{"line":23,"column":9}},{"start":{"line":21,"column":8},"end":{"line":23,"column":9}}],"line":21},"17":{"loc":{"start":{"line":48,"column":30},"end":{"line":48,"column":132}},"type":"cond-expr","locations":[{"start":{"line":48,"column":121},"end":{"line":48,"column":123}},{"start":{"line":48,"column":126},"end":{"line":48,"column":132}}],"line":48},"18":{"loc":{"start":{"line":48,"column":43},"end":{"line":48,"column":102}},"type":"binary-expr","locations":[{"start":{"line":48,"column":43},"end":{"line":48,"column":82}},{"start":{"line":48,"column":86},"end":{"line":48,"column":102}}],"line":48},"19":{"loc":{"start":{"line":52,"column":30},"end":{"line":52,"column":132}},"type":"cond-expr","locations":[{"start":{"line":52,"column":121},"end":{"line":52,"column":123}},{"start":{"line":52,"column":126},"end":{"line":52,"column":132}}],"line":52},"20":{"loc":{"start":{"line":52,"column":43},"end":{"line":52,"column":102}},"type":"binary-expr","locations":[{"start":{"line":52,"column":43},"end":{"line":52,"column":82}},{"start":{"line":52,"column":86},"end":{"line":52,"column":102}}],"line":52}},"s":{"0":1,"1":8,"2":8,"3":8,"4":8,"5":0,"6":0,"7":0,"8":0,"9":8,"10":1,"11":10,"12":10,"13":1,"14":1,"15":1,"16":1,"17":1,"18":1,"19":3,"20":3,"21":1,"22":1,"23":1,"24":1,"25":1,"26":1,"27":1,"28":1,"29":1},"f":{"0":8,"1":10,"2":1,"3":3},"b":{"0":[1,1,1],"1":[0,8],"2":[1,7],"3":[8,0],"4":[8,8],"5":[0,0],"6":[0,0],"7":[0,0],"8":[0,0],"9":[8,8,1],"10":[1,1,1],"11":[10,0],"12":[10,10],"13":[1,1,1],"14":[0,1],"15":[1,1],"16":[3,0],"17":[1,0],"18":[1,1],"19":[1,0],"20":[1,1]},"inputSourceMap":{"version":3,"file":"User.js","sourceRoot":"","sources":["User.ts"],"names":[],"mappings":";;;;;;;;;;;;;;;AAAA,iCAAgC;AAChC,kFAAwC;AACxC,gEAAqE;AAErE,MAAqB,IAAK,SAAQ,eAAS;IAuBlC,MAAM,CAAC,KAAK,CAAC,YAAY,CAAC,IAAU;QACzC,IAAI,IAAI,CAAC,MAAM,CAAC,QAAQ,EAAE;YACxB,IAAI,CAAC,QAAQ,GAAG,MAAM,cAAI,CAAC,IAAI,CAAC,IAAI,CAAC,QAAQ,CAAC,CAAA;SAC/C;IACH,CAAC;CACF;AA1BC;IADC,IAAA,YAAM,EAAC,EAAE,SAAS,EAAE,IAAI,EAAE,CAAC;;gCACX;AAGjB;IADC,IAAA,YAAM,GAAE;;kCACU;AAGnB;IADC,IAAA,YAAM,GAAE;;mCACW;AAGpB;IADC,IAAA,YAAM,EAAC,EAAE,WAAW,EAAE,IAAI,EAAE,CAAC;;sCACP;AAGvB;IADC,IAAA,YAAM,GAAE;;6CAC4B;AAGrC;IADC,YAAM,CAAC,QAAQ,CAAC,EAAE,UAAU,EAAE,IAAI,EAAE,CAAC;kDACpB,gBAAQ,oBAAR,gBAAQ;uCAAA;AAG1B;IADC,YAAM,CAAC,QAAQ,CAAC,EAAE,UAAU,EAAE,IAAI,EAAE,UAAU,EAAE,IAAI,EAAE,CAAC;kDACtC,gBAAQ,oBAAR,gBAAQ;uCAAA;AAG1B;IADC,IAAA,gBAAU,GAAE;;qCAC0B,IAAI;;8BAI1C;AA3BH,uBA4BC","sourcesContent":["import { DateTime } from 'luxon'\nimport Hash from '@ioc:Adonis/Core/Hash'\nimport { column, beforeSave, BaseModel } from '@ioc:Adonis/Lucid/Orm'\n\nexport default class User extends BaseModel {\n  @column({ isPrimary: true })\n  public id: number\n\n  @column()\n  public name: string\n\n  @column()\n  public email: string\n\n  @column({ serializeAs: null })\n  public password: string\n\n  @column()\n  public rememberMeToken: string | null\n\n  @column.dateTime({ autoCreate: true })\n  public createdAt: DateTime\n\n  @column.dateTime({ autoCreate: true, autoUpdate: true })\n  public updatedAt: DateTime\n\n  @beforeSave()\n  public static async hashPassword(user: User) {\n    if (user.$dirty.password) {\n      user.password = await Hash.make(user.password)\n    }\n  }\n}\n"]},"_coverageSchema":"1a1c01bbd47fc00a2c39e90264f33305004495a9","hash":"b49504ccd2b6e2c50418697c0550cf9a92667a22","contentHash":"0e075a973ea329f48a213ac899e1a7835fdcf59793957a9ca44de9111dcad400"}}